Compiling the CXX compiler identification source file "CMakeCXXCompilerId.cpp" failed.
Compiler:  
Build flags: 
Id flags:  

The output was:
1
xcode-select: error: tool 'xcodebuild' requires Xcode, but active developer directory '/Library/Developer/CommandLineTools' is a command line tools instance


Compiling the CXX compiler identification source file "CMakeCXXCompilerId.cpp" failed.
Compiler:  
Build flags: 
Id flags:  

The output was:
1
xcode-select: error: tool 'xcodebuild' requires Xcode, but active developer directory '/Library/Developer/CommandLineTools' is a command line tools instance


Compiling the CXX compiler identification source file "CMakeCXXCompilerId.cpp" failed.
Compiler:  
Build flags: 
Id flags:  

The output was:
1
xcode-select: error: tool 'xcodebuild' requires Xcode, but active developer directory '/Library/Developer/CommandLineTools' is a command line tools instance


Compiling the CXX compiler identification source file "CMakeCXXCompilerId.cpp" failed.
Compiler:  
Build flags: 
Id flags:  

The output was:
1
xcode-select: error: tool 'xcodebuild' requires Xcode, but active developer directory '/Library/Developer/CommandLineTools' is a command line tools instance


Compiling the CXX compiler identification source file "CMakeCXXCompilerId.cpp" failed.
Compiler:  
Build flags: 
Id flags:  

The output was:
1
xcode-select: error: tool 'xcodebuild' requires Xcode, but active developer directory '/Library/Developer/CommandLineTools' is a command line tools instance


Compiling the CXX compiler identification source file "CMakeCXXCompilerId.cpp" failed.
Compiler:  
Build flags: 
Id flags:  

The output was:
1
xcode-select: error: tool 'xcodebuild' requires Xcode, but active developer directory '/Library/Developer/CommandLineTools' is a command line tools instance


Compiling the CXX compiler identification source file "CMakeCXXCompilerId.cpp" failed.
Compiler:  
Build flags: 
Id flags:  

The output was:
65
=== BUILD TARGET CompilerIdCXX OF PROJECT CompilerIdCXX WITH THE DEFAULT CONFIGURATION (Debug) ===

Check dependencies

Write auxiliary files
write-file /Users/puugru/Exercism/cpp/hello-world/CMakeFiles/3.14.1/CompilerIdCXX/CompilerIdCXX.build/Debug/CompilerIdCXX.build/CompilerIdCXX-all-target-headers.hmap
/bin/mkdir -p /Users/puugru/Exercism/cpp/hello-world/CMakeFiles/3.14.1/CompilerIdCXX/CompilerIdCXX.build/Debug/CompilerIdCXX.build/Objects-normal/x86_64
write-file /Users/puugru/Exercism/cpp/hello-world/CMakeFiles/3.14.1/CompilerIdCXX/CompilerIdCXX.build/Debug/CompilerIdCXX.build/Objects-normal/x86_64/CompilerIdCXX.LinkFileList
write-file /Users/puugru/Exercism/cpp/hello-world/CMakeFiles/3.14.1/CompilerIdCXX/CompilerIdCXX.build/Debug/CompilerIdCXX.build/CompilerIdCXX-project-headers.hmap
write-file /Users/puugru/Exercism/cpp/hello-world/CMakeFiles/3.14.1/CompilerIdCXX/CompilerIdCXX.build/Debug/CompilerIdCXX.build/CompilerIdCXX-all-non-framework-target-headers.hmap
write-file /Users/puugru/Exercism/cpp/hello-world/CMakeFiles/3.14.1/CompilerIdCXX/CompilerIdCXX.build/Debug/CompilerIdCXX.build/Script-2C8FEB8E15DC1A1A00E56A5D.sh
chmod 0755 /Users/puugru/Exercism/cpp/hello-world/CMakeFiles/3.14.1/CompilerIdCXX/CompilerIdCXX.build/Debug/CompilerIdCXX.build/Script-2C8FEB8E15DC1A1A00E56A5D.sh
write-file /Users/puugru/Exercism/cpp/hello-world/CMakeFiles/3.14.1/CompilerIdCXX/CompilerIdCXX.build/Debug/CompilerIdCXX.build/CompilerIdCXX-own-target-headers.hmap
write-file /Users/puugru/Exercism/cpp/hello-world/CMakeFiles/3.14.1/CompilerIdCXX/CompilerIdCXX.build/Debug/CompilerIdCXX.build/CompilerIdCXX-generated-files.hmap
write-file /Users/puugru/Exercism/cpp/hello-world/CMakeFiles/3.14.1/CompilerIdCXX/CompilerIdCXX.build/Debug/CompilerIdCXX.build/CompilerIdCXX.hmap

CompileC CompilerIdCXX.build/Debug/CompilerIdCXX.build/Objects-normal/x86_64/CMakeCXXCompilerId.o CMakeCXXCompilerId.cpp normal x86_64 c++ com.apple.compilers.llvm.clang.1_0.compiler
    cd /Users/puugru/Exercism/cpp/hello-world/CMakeFiles/3.14.1/CompilerIdCXX
    export LANG=en_US.US-ASCII
    /Applications/Xcode.app/Contents/Developer/Toolchains/XcodeDefault.xctoolchain/usr/bin/clang -x c++ -arch x86_64 -fmessage-length=0 -fdiagnostics-show-note-include-stack -fmacro-backtrace-limit=0 -Wno-trigraphs -fpascal-strings -Os -Wno-missing-field-initializers -Wno-missing-prototypes -Wno-return-type -Wno-non-virtual-dtor -Wno-overloaded-virtual -Wno-exit-time-destructors -Wno-missing-braces -Wparentheses -Wswitch -Wno-unused-function -Wno-unused-label -Wno-unused-parameter -Wno-unused-variable -Wunused-value -Wno-empty-body -Wno-uninitialized -Wno-unknown-pragmas -Wno-shadow -Wno-four-char-constants -Wno-conversion -Wno-constant-conversion -Wno-int-conversion -Wno-bool-conversion -Wno-enum-conversion -Wno-shorten-64-to-32 -Wno-newline-eof -Wno-c++11-extensions -isysroot /Library/Developer/CommandLineTools/SDKs/MacOSX10.14.sdk -fasm-blocks -fstrict-aliasing -Wdeprecated-declarations -Winvalid-offsetof -mmacosx-version-min=10.14 -g -fvisibility=hidden -fvisibility-inlines-hidden -Wno-sign-conversion -Wno-infinite-recursion -Wno-move -I/Users/puugru/Exercism/cpp/hello-world/CMakeFiles/3.14.1/CompilerIdCXX/CompilerIdCXX.build/Debug/CompilerIdCXX.build/CompilerIdCXX.hmap -I/Users/puugru/Exercism/cpp/hello-world/CMakeFiles/3.14.1/CompilerIdCXX/include -I/Users/puugru/Exercism/cpp/hello-world/CMakeFiles/3.14.1/CompilerIdCXX/CompilerIdCXX.build/Debug/CompilerIdCXX.build/DerivedSources/x86_64 -I/Users/puugru/Exercism/cpp/hello-world/CMakeFiles/3.14.1/CompilerIdCXX/CompilerIdCXX.build/Debug/CompilerIdCXX.build/DerivedSources -F/Users/puugru/Exercism/cpp/hello-world/CMakeFiles/3.14.1/CompilerIdCXX -MMD -MT dependencies -MF /Users/puugru/Exercism/cpp/hello-world/CMakeFiles/3.14.1/CompilerIdCXX/CompilerIdCXX.build/Debug/CompilerIdCXX.build/Objects-normal/x86_64/CMakeCXXCompilerId.d --serialize-diagnostics /Users/puugru/Exercism/cpp/hello-world/CMakeFiles/3.14.1/CompilerIdCXX/CompilerIdCXX.build/Debug/CompilerIdCXX.build/Objects-normal/x86_64/CMakeCXXCompilerId.dia -c /Users/puugru/Exercism/cpp/hello-world/CMakeFiles/3.14.1/CompilerIdCXX/CMakeCXXCompilerId.cpp -o /Users/puugru/Exercism/cpp/hello-world/CMakeFiles/3.14.1/CompilerIdCXX/CompilerIdCXX.build/Debug/CompilerIdCXX.build/Objects-normal/x86_64/CMakeCXXCompilerId.o

Ld CompilerIdCXX normal x86_64
    cd /Users/puugru/Exercism/cpp/hello-world/CMakeFiles/3.14.1/CompilerIdCXX
    export MACOSX_DEPLOYMENT_TARGET=10.14
    /Applications/Xcode.app/Contents/Developer/Toolchains/XcodeDefault.xctoolchain/usr/bin/clang++ -arch x86_64 -isysroot /Library/Developer/CommandLineTools/SDKs/MacOSX10.14.sdk -L/Users/puugru/Exercism/cpp/hello-world/CMakeFiles/3.14.1/CompilerIdCXX -F/Users/puugru/Exercism/cpp/hello-world/CMakeFiles/3.14.1/CompilerIdCXX -filelist /Users/puugru/Exercism/cpp/hello-world/CMakeFiles/3.14.1/CompilerIdCXX/CompilerIdCXX.build/Debug/CompilerIdCXX.build/Objects-normal/x86_64/CompilerIdCXX.LinkFileList -mmacosx-version-min=10.14 -Xlinker -object_path_lto -Xlinker /Users/puugru/Exercism/cpp/hello-world/CMakeFiles/3.14.1/CompilerIdCXX/CompilerIdCXX.build/Debug/CompilerIdCXX.build/Objects-normal/x86_64/CompilerIdCXX_lto.o -Xlinker -dependency_info -Xlinker /Users/puugru/Exercism/cpp/hello-world/CMakeFiles/3.14.1/CompilerIdCXX/CompilerIdCXX.build/Debug/CompilerIdCXX.build/Objects-normal/x86_64/CompilerIdCXX_dependency_info.dat -o /Users/puugru/Exercism/cpp/hello-world/CMakeFiles/3.14.1/CompilerIdCXX/CompilerIdCXX
ld: warning: ignoring file /Library/Developer/CommandLineTools/SDKs/MacOSX10.14.sdk/usr/lib/libc++.tbd, file was built for unsupported file format ( 0x2D 0x2D 0x2D 0x20 0x21 0x74 0x61 0x70 0x69 0x2D 0x74 0x62 0x64 0x2D 0x76 0x33 ) which is not the architecture being linked (x86_64): /Library/Developer/CommandLineTools/SDKs/MacOSX10.14.sdk/usr/lib/libc++.tbd
ld: warning: ignoring file /Library/Developer/CommandLineTools/SDKs/MacOSX10.14.sdk/usr/lib/libSystem.tbd, file was built for unsupported file format ( 0x2D 0x2D 0x2D 0x20 0x21 0x74 0x61 0x70 0x69 0x2D 0x74 0x62 0x64 0x2D 0x76 0x33 ) which is not the architecture being linked (x86_64): /Library/Developer/CommandLineTools/SDKs/MacOSX10.14.sdk/usr/lib/libSystem.tbd
ld: dynamic main executables must link with libSystem.dylib for architecture x86_64
clang: error: linker command failed with exit code 1 (use -v to see invocation)

** BUILD FAILED **


The following build commands failed:
	Ld CompilerIdCXX normal x86_64
(1 failure)


Compiling the CXX compiler identification source file "CMakeCXXCompilerId.cpp" failed.
Compiler:  
Build flags: 
Id flags:  

The output was:
65
=== BUILD TARGET CompilerIdCXX OF PROJECT CompilerIdCXX WITH THE DEFAULT CONFIGURATION (Debug) ===

Check dependencies

Write auxiliary files
write-file /Users/puugru/Exercism/cpp/hello-world/CMakeFiles/3.14.1/CompilerIdCXX/CompilerIdCXX.build/Debug/CompilerIdCXX.build/CompilerIdCXX-all-target-headers.hmap
/bin/mkdir -p /Users/puugru/Exercism/cpp/hello-world/CMakeFiles/3.14.1/CompilerIdCXX/CompilerIdCXX.build/Debug/CompilerIdCXX.build/Objects-normal/x86_64
write-file /Users/puugru/Exercism/cpp/hello-world/CMakeFiles/3.14.1/CompilerIdCXX/CompilerIdCXX.build/Debug/CompilerIdCXX.build/Objects-normal/x86_64/CompilerIdCXX.LinkFileList
write-file /Users/puugru/Exercism/cpp/hello-world/CMakeFiles/3.14.1/CompilerIdCXX/CompilerIdCXX.build/Debug/CompilerIdCXX.build/CompilerIdCXX-project-headers.hmap
write-file /Users/puugru/Exercism/cpp/hello-world/CMakeFiles/3.14.1/CompilerIdCXX/CompilerIdCXX.build/Debug/CompilerIdCXX.build/CompilerIdCXX-all-non-framework-target-headers.hmap
write-file /Users/puugru/Exercism/cpp/hello-world/CMakeFiles/3.14.1/CompilerIdCXX/CompilerIdCXX.build/Debug/CompilerIdCXX.build/Script-2C8FEB8E15DC1A1A00E56A5D.sh
chmod 0755 /Users/puugru/Exercism/cpp/hello-world/CMakeFiles/3.14.1/CompilerIdCXX/CompilerIdCXX.build/Debug/CompilerIdCXX.build/Script-2C8FEB8E15DC1A1A00E56A5D.sh
write-file /Users/puugru/Exercism/cpp/hello-world/CMakeFiles/3.14.1/CompilerIdCXX/CompilerIdCXX.build/Debug/CompilerIdCXX.build/CompilerIdCXX-own-target-headers.hmap
write-file /Users/puugru/Exercism/cpp/hello-world/CMakeFiles/3.14.1/CompilerIdCXX/CompilerIdCXX.build/Debug/CompilerIdCXX.build/CompilerIdCXX-generated-files.hmap
write-file /Users/puugru/Exercism/cpp/hello-world/CMakeFiles/3.14.1/CompilerIdCXX/CompilerIdCXX.build/Debug/CompilerIdCXX.build/CompilerIdCXX.hmap

CompileC CompilerIdCXX.build/Debug/CompilerIdCXX.build/Objects-normal/x86_64/CMakeCXXCompilerId.o CMakeCXXCompilerId.cpp normal x86_64 c++ com.apple.compilers.llvm.clang.1_0.compiler
    cd /Users/puugru/Exercism/cpp/hello-world/CMakeFiles/3.14.1/CompilerIdCXX
    export LANG=en_US.US-ASCII
    /Applications/Xcode.app/Contents/Developer/Toolchains/XcodeDefault.xctoolchain/usr/bin/clang -x c++ -arch x86_64 -fmessage-length=0 -fdiagnostics-show-note-include-stack -fmacro-backtrace-limit=0 -Wno-trigraphs -fpascal-strings -Os -Wno-missing-field-initializers -Wno-missing-prototypes -Wno-return-type -Wno-non-virtual-dtor -Wno-overloaded-virtual -Wno-exit-time-destructors -Wno-missing-braces -Wparentheses -Wswitch -Wno-unused-function -Wno-unused-label -Wno-unused-parameter -Wno-unused-variable -Wunused-value -Wno-empty-body -Wno-uninitialized -Wno-unknown-pragmas -Wno-shadow -Wno-four-char-constants -Wno-conversion -Wno-constant-conversion -Wno-int-conversion -Wno-bool-conversion -Wno-enum-conversion -Wno-shorten-64-to-32 -Wno-newline-eof -Wno-c++11-extensions -isysroot /Library/Developer/CommandLineTools/SDKs/MacOSX10.14.sdk -fasm-blocks -fstrict-aliasing -Wdeprecated-declarations -Winvalid-offsetof -mmacosx-version-min=10.14 -g -fvisibility=hidden -fvisibility-inlines-hidden -Wno-sign-conversion -Wno-infinite-recursion -Wno-move -I/Users/puugru/Exercism/cpp/hello-world/CMakeFiles/3.14.1/CompilerIdCXX/CompilerIdCXX.build/Debug/CompilerIdCXX.build/CompilerIdCXX.hmap -I/Users/puugru/Exercism/cpp/hello-world/CMakeFiles/3.14.1/CompilerIdCXX/include -I/Users/puugru/Exercism/cpp/hello-world/CMakeFiles/3.14.1/CompilerIdCXX/CompilerIdCXX.build/Debug/CompilerIdCXX.build/DerivedSources/x86_64 -I/Users/puugru/Exercism/cpp/hello-world/CMakeFiles/3.14.1/CompilerIdCXX/CompilerIdCXX.build/Debug/CompilerIdCXX.build/DerivedSources -F/Users/puugru/Exercism/cpp/hello-world/CMakeFiles/3.14.1/CompilerIdCXX -MMD -MT dependencies -MF /Users/puugru/Exercism/cpp/hello-world/CMakeFiles/3.14.1/CompilerIdCXX/CompilerIdCXX.build/Debug/CompilerIdCXX.build/Objects-normal/x86_64/CMakeCXXCompilerId.d --serialize-diagnostics /Users/puugru/Exercism/cpp/hello-world/CMakeFiles/3.14.1/CompilerIdCXX/CompilerIdCXX.build/Debug/CompilerIdCXX.build/Objects-normal/x86_64/CMakeCXXCompilerId.dia -c /Users/puugru/Exercism/cpp/hello-world/CMakeFiles/3.14.1/CompilerIdCXX/CMakeCXXCompilerId.cpp -o /Users/puugru/Exercism/cpp/hello-world/CMakeFiles/3.14.1/CompilerIdCXX/CompilerIdCXX.build/Debug/CompilerIdCXX.build/Objects-normal/x86_64/CMakeCXXCompilerId.o

Ld CompilerIdCXX normal x86_64
    cd /Users/puugru/Exercism/cpp/hello-world/CMakeFiles/3.14.1/CompilerIdCXX
    export MACOSX_DEPLOYMENT_TARGET=10.14
    /Applications/Xcode.app/Contents/Developer/Toolchains/XcodeDefault.xctoolchain/usr/bin/clang++ -arch x86_64 -isysroot /Library/Developer/CommandLineTools/SDKs/MacOSX10.14.sdk -L/Users/puugru/Exercism/cpp/hello-world/CMakeFiles/3.14.1/CompilerIdCXX -F/Users/puugru/Exercism/cpp/hello-world/CMakeFiles/3.14.1/CompilerIdCXX -filelist /Users/puugru/Exercism/cpp/hello-world/CMakeFiles/3.14.1/CompilerIdCXX/CompilerIdCXX.build/Debug/CompilerIdCXX.build/Objects-normal/x86_64/CompilerIdCXX.LinkFileList -mmacosx-version-min=10.14 -Xlinker -object_path_lto -Xlinker /Users/puugru/Exercism/cpp/hello-world/CMakeFiles/3.14.1/CompilerIdCXX/CompilerIdCXX.build/Debug/CompilerIdCXX.build/Objects-normal/x86_64/CompilerIdCXX_lto.o -Xlinker -dependency_info -Xlinker /Users/puugru/Exercism/cpp/hello-world/CMakeFiles/3.14.1/CompilerIdCXX/CompilerIdCXX.build/Debug/CompilerIdCXX.build/Objects-normal/x86_64/CompilerIdCXX_dependency_info.dat -o /Users/puugru/Exercism/cpp/hello-world/CMakeFiles/3.14.1/CompilerIdCXX/CompilerIdCXX
ld: warning: ignoring file /Library/Developer/CommandLineTools/SDKs/MacOSX10.14.sdk/usr/lib/libSystem.tbd, file was built for unsupported file format ( 0x2D 0x2D 0x2D 0x20 0x21 0x74 0x61 0x70 0x69 0x2D 0x74 0x62 0x64 0x2D 0x76 0x33 ) which is not the architecture being linked (x86_64): /Library/Developer/CommandLineTools/SDKs/MacOSX10.14.sdk/usr/lib/libSystem.tbdld: warning: ignoring file /Library/Developer/CommandLineTools/SDKs/MacOSX10.14.sdk/usr/lib/libc++.tbd, file was built for unsupported file format ( 0x2D 0x2D 0x2D 0x20 0x21 0x74 0x61 0x70 0x69 0x2D 0x74 0x62 0x64 0x2D 0x76 0x33 ) which is not the architecture being linked (x86_64): /Library/Developer/CommandLineTools/SDKs/MacOSX10.14.sdk/usr/lib/libc++.tbd

ld: dynamic main executables must link with libSystem.dylib for architecture x86_64
clang: error: linker command failed with exit code 1 (use -v to see invocation)

** BUILD FAILED **


The following build commands failed:
	Ld CompilerIdCXX normal x86_64
(1 failure)


Determining if the CXX compiler works failed with the following output:
Change Dir: /Users/puugru/Exercism/cpp/hello-world/CMakeFiles/CMakeTmp

Run Build Command(s):/usr/bin/xcodebuild -project CMAKE_TRY_COMPILE.xcodeproj build -target cmTC_56c8c -configuration Debug -hideShellScriptEnvironment 
User defaults from command line:
    HideShellScriptEnvironment = YES

=== BUILD TARGET cmTC_56c8c OF PROJECT CMAKE_TRY_COMPILE WITH CONFIGURATION Debug ===

Check dependencies

Write auxiliary files
/bin/mkdir -p /Users/puugru/Exercism/cpp/hello-world/CMakeFiles/CMakeTmp/CMAKE_TRY_COMPILE.build/Debug/cmTC_56c8c.build/Objects-normal/x86_64
write-file /Users/puugru/Exercism/cpp/hello-world/CMakeFiles/CMakeTmp/CMAKE_TRY_COMPILE.build/Debug/cmTC_56c8c.build/Objects-normal/x86_64/cmTC_56c8c.LinkFileList

CompileC CMAKE_TRY_COMPILE.build/Debug/cmTC_56c8c.build/Objects-normal/x86_64/testCXXCompiler.o testCXXCompiler.cxx normal x86_64 c++ com.apple.compilers.llvm.clang.1_0.compiler
    cd /Users/puugru/Exercism/cpp/hello-world/CMakeFiles/CMakeTmp
    /Applications/Xcode.app/Contents/Developer/Toolchains/XcodeDefault.xctoolchain/usr/bin/clang -x c++ -arch x86_64 -fmessage-length=0 -fdiagnostics-show-note-include-stack -fmacro-backtrace-limit=0 -Wno-trigraphs -fpascal-strings -O0 -Wno-missing-field-initializers -Wno-missing-prototypes -Wno-return-type -Wno-non-virtual-dtor -Wno-overloaded-virtual -Wno-exit-time-destructors -Wno-missing-braces -Wparentheses -Wswitch -Wno-unused-function -Wno-unused-label -Wno-unused-parameter -Wno-unused-variable -Wunused-value -Wno-empty-body -Wno-uninitialized -Wno-unknown-pragmas -Wno-shadow -Wno-four-char-constants -Wno-conversion -Wno-constant-conversion -Wno-int-conversion -Wno-bool-conversion -Wno-enum-conversion -Wno-shorten-64-to-32 -Wno-newline-eof -Wno-c++11-extensions -DCMAKE_INTDIR=\"Debug\" -isysroot /Library/Developer/CommandLineTools/SDKs/MacOSX10.14.sdk -fasm-blocks -fstrict-aliasing -Wdeprecated-declarations -Winvalid-offsetof -mmacosx-version-min=10.14 -Wno-sign-conversion -Wno-infinite-recursion -Wno-move -I/Users/puugru/Exercism/cpp/hello-world/CMakeFiles/CMakeTmp/Debug/include -I/Users/puugru/Exercism/cpp/hello-world/CMakeFiles/CMakeTmp/CMAKE_TRY_COMPILE.build/Debug/cmTC_56c8c.build/DerivedSources/x86_64 -I/Users/puugru/Exercism/cpp/hello-world/CMakeFiles/CMakeTmp/CMAKE_TRY_COMPILE.build/Debug/cmTC_56c8c.build/DerivedSources -Wmost -Wno-four-char-constants -Wno-unknown-pragmas -F/Users/puugru/Exercism/cpp/hello-world/CMakeFiles/CMakeTmp/Debug -MMD -MT dependencies -MF /Users/puugru/Exercism/cpp/hello-world/CMakeFiles/CMakeTmp/CMAKE_TRY_COMPILE.build/Debug/cmTC_56c8c.build/Objects-normal/x86_64/testCXXCompiler.d --serialize-diagnostics /Users/puugru/Exercism/cpp/hello-world/CMakeFiles/CMakeTmp/CMAKE_TRY_COMPILE.build/Debug/cmTC_56c8c.build/Objects-normal/x86_64/testCXXCompiler.dia -c /Users/puugru/Exercism/cpp/hello-world/CMakeFiles/CMakeTmp/testCXXCompiler.cxx -o /Users/puugru/Exercism/cpp/hello-world/CMakeFiles/CMakeTmp/CMAKE_TRY_COMPILE.build/Debug/cmTC_56c8c.build/Objects-normal/x86_64/testCXXCompiler.o

Ld Debug/cmTC_56c8c normal x86_64
    cd /Users/puugru/Exercism/cpp/hello-world/CMakeFiles/CMakeTmp
    /Applications/Xcode.app/Contents/Developer/Toolchains/XcodeDefault.xctoolchain/usr/bin/clang++ -arch x86_64 -isysroot /Library/Developer/CommandLineTools/SDKs/MacOSX10.14.sdk -L/Users/puugru/Exercism/cpp/hello-world/CMakeFiles/CMakeTmp/Debug -F/Users/puugru/Exercism/cpp/hello-world/CMakeFiles/CMakeTmp/Debug -filelist /Users/puugru/Exercism/cpp/hello-world/CMakeFiles/CMakeTmp/CMAKE_TRY_COMPILE.build/Debug/cmTC_56c8c.build/Objects-normal/x86_64/cmTC_56c8c.LinkFileList -mmacosx-version-min=10.14 -Xlinker -no_deduplicate -Wl,-search_paths_first -Wl,-headerpad_max_install_names -Xlinker -dependency_info -Xlinker /Users/puugru/Exercism/cpp/hello-world/CMakeFiles/CMakeTmp/CMAKE_TRY_COMPILE.build/Debug/cmTC_56c8c.build/Objects-normal/x86_64/cmTC_56c8c_dependency_info.dat -o /Users/puugru/Exercism/cpp/hello-world/CMakeFiles/CMakeTmp/Debug/cmTC_56c8c
ld: warning: ignoring file /Library/Developer/CommandLineTools/SDKs/MacOSX10.14.sdk/usr/lib/libSystem.tbd, file was built for unsupported file format ( 0x2D 0x2D 0x2D 0x20 0x21 0x74 0x61 0x70 0x69 0x2D 0x74 0x62 0x64 0x2D 0x76 0x33 ) which is not the architecture being linked (x86_64): /Library/Developer/CommandLineTools/SDKs/MacOSX10.14.sdk/usr/lib/libSystem.tbd
ld: warning: ignoring file /Library/Developer/CommandLineTools/SDKs/MacOSX10.14.sdk/usr/lib/libc++.tbd, file was built for unsupported file format ( 0x2D 0x2D 0x2D 0x20 0x21 0x74 0x61 0x70 0x69 0x2D 0x74 0x62 0x64 0x2D 0x76 0x33 ) which is not the architecture being linked (x86_64): /Library/Developer/CommandLineTools/SDKs/MacOSX10.14.sdk/usr/lib/libc++.tbd
ld: dynamic main executables must link with libSystem.dylib for architecture x86_64
clang: error: linker command failed with exit code 1 (use -v to see invocation)

** BUILD FAILED **


The following build commands failed:
	Ld Debug/cmTC_56c8c normal x86_64
(1 failure)


Compiling the CXX compiler identification source file "CMakeCXXCompilerId.cpp" failed.
Compiler:  
Build flags: 
Id flags:  

The output was:
65
=== BUILD TARGET CompilerIdCXX OF PROJECT CompilerIdCXX WITH THE DEFAULT CONFIGURATION (Debug) ===

Check dependencies

Write auxiliary files
write-file /Users/puugru/Exercism/cpp/hello-world/CMakeFiles/3.14.1/CompilerIdCXX/CompilerIdCXX.build/Debug/CompilerIdCXX.build/CompilerIdCXX-all-target-headers.hmap
/bin/mkdir -p /Users/puugru/Exercism/cpp/hello-world/CMakeFiles/3.14.1/CompilerIdCXX/CompilerIdCXX.build/Debug/CompilerIdCXX.build/Objects-normal/x86_64
write-file /Users/puugru/Exercism/cpp/hello-world/CMakeFiles/3.14.1/CompilerIdCXX/CompilerIdCXX.build/Debug/CompilerIdCXX.build/Objects-normal/x86_64/CompilerIdCXX.LinkFileList
write-file /Users/puugru/Exercism/cpp/hello-world/CMakeFiles/3.14.1/CompilerIdCXX/CompilerIdCXX.build/Debug/CompilerIdCXX.build/CompilerIdCXX-project-headers.hmap
write-file /Users/puugru/Exercism/cpp/hello-world/CMakeFiles/3.14.1/CompilerIdCXX/CompilerIdCXX.build/Debug/CompilerIdCXX.build/CompilerIdCXX-all-non-framework-target-headers.hmap
write-file /Users/puugru/Exercism/cpp/hello-world/CMakeFiles/3.14.1/CompilerIdCXX/CompilerIdCXX.build/Debug/CompilerIdCXX.build/Script-2C8FEB8E15DC1A1A00E56A5D.sh
chmod 0755 /Users/puugru/Exercism/cpp/hello-world/CMakeFiles/3.14.1/CompilerIdCXX/CompilerIdCXX.build/Debug/CompilerIdCXX.build/Script-2C8FEB8E15DC1A1A00E56A5D.sh
write-file /Users/puugru/Exercism/cpp/hello-world/CMakeFiles/3.14.1/CompilerIdCXX/CompilerIdCXX.build/Debug/CompilerIdCXX.build/CompilerIdCXX-own-target-headers.hmap
write-file /Users/puugru/Exercism/cpp/hello-world/CMakeFiles/3.14.1/CompilerIdCXX/CompilerIdCXX.build/Debug/CompilerIdCXX.build/CompilerIdCXX-generated-files.hmap
write-file /Users/puugru/Exercism/cpp/hello-world/CMakeFiles/3.14.1/CompilerIdCXX/CompilerIdCXX.build/Debug/CompilerIdCXX.build/CompilerIdCXX.hmap

CompileC CompilerIdCXX.build/Debug/CompilerIdCXX.build/Objects-normal/x86_64/CMakeCXXCompilerId.o CMakeCXXCompilerId.cpp normal x86_64 c++ com.apple.compilers.llvm.clang.1_0.compiler
    cd /Users/puugru/Exercism/cpp/hello-world/CMakeFiles/3.14.1/CompilerIdCXX
    export LANG=en_US.US-ASCII
    /Applications/Xcode.app/Contents/Developer/Toolchains/XcodeDefault.xctoolchain/usr/bin/clang -x c++ -arch x86_64 -fmessage-length=0 -fdiagnostics-show-note-include-stack -fmacro-backtrace-limit=0 -Wno-trigraphs -fpascal-strings -Os -Wno-missing-field-initializers -Wno-missing-prototypes -Wno-return-type -Wno-non-virtual-dtor -Wno-overloaded-virtual -Wno-exit-time-destructors -Wno-missing-braces -Wparentheses -Wswitch -Wno-unused-function -Wno-unused-label -Wno-unused-parameter -Wno-unused-variable -Wunused-value -Wno-empty-body -Wno-uninitialized -Wno-unknown-pragmas -Wno-shadow -Wno-four-char-constants -Wno-conversion -Wno-constant-conversion -Wno-int-conversion -Wno-bool-conversion -Wno-enum-conversion -Wno-shorten-64-to-32 -Wno-newline-eof -Wno-c++11-extensions -isysroot /Library/Developer/CommandLineTools/SDKs/MacOSX10.14.sdk -fasm-blocks -fstrict-aliasing -Wdeprecated-declarations -Winvalid-offsetof -mmacosx-version-min=10.14 -g -fvisibility=hidden -fvisibility-inlines-hidden -Wno-sign-conversion -Wno-infinite-recursion -Wno-move -I/Users/puugru/Exercism/cpp/hello-world/CMakeFiles/3.14.1/CompilerIdCXX/CompilerIdCXX.build/Debug/CompilerIdCXX.build/CompilerIdCXX.hmap -I/Users/puugru/Exercism/cpp/hello-world/CMakeFiles/3.14.1/CompilerIdCXX/include -I/Users/puugru/Exercism/cpp/hello-world/CMakeFiles/3.14.1/CompilerIdCXX/CompilerIdCXX.build/Debug/CompilerIdCXX.build/DerivedSources/x86_64 -I/Users/puugru/Exercism/cpp/hello-world/CMakeFiles/3.14.1/CompilerIdCXX/CompilerIdCXX.build/Debug/CompilerIdCXX.build/DerivedSources -F/Users/puugru/Exercism/cpp/hello-world/CMakeFiles/3.14.1/CompilerIdCXX -MMD -MT dependencies -MF /Users/puugru/Exercism/cpp/hello-world/CMakeFiles/3.14.1/CompilerIdCXX/CompilerIdCXX.build/Debug/CompilerIdCXX.build/Objects-normal/x86_64/CMakeCXXCompilerId.d --serialize-diagnostics /Users/puugru/Exercism/cpp/hello-world/CMakeFiles/3.14.1/CompilerIdCXX/CompilerIdCXX.build/Debug/CompilerIdCXX.build/Objects-normal/x86_64/CMakeCXXCompilerId.dia -c /Users/puugru/Exercism/cpp/hello-world/CMakeFiles/3.14.1/CompilerIdCXX/CMakeCXXCompilerId.cpp -o /Users/puugru/Exercism/cpp/hello-world/CMakeFiles/3.14.1/CompilerIdCXX/CompilerIdCXX.build/Debug/CompilerIdCXX.build/Objects-normal/x86_64/CMakeCXXCompilerId.o

Ld CompilerIdCXX normal x86_64
    cd /Users/puugru/Exercism/cpp/hello-world/CMakeFiles/3.14.1/CompilerIdCXX
    export MACOSX_DEPLOYMENT_TARGET=10.14
    /Applications/Xcode.app/Contents/Developer/Toolchains/XcodeDefault.xctoolchain/usr/bin/clang++ -arch x86_64 -isysroot /Library/Developer/CommandLineTools/SDKs/MacOSX10.14.sdk -L/Users/puugru/Exercism/cpp/hello-world/CMakeFiles/3.14.1/CompilerIdCXX -F/Users/puugru/Exercism/cpp/hello-world/CMakeFiles/3.14.1/CompilerIdCXX -filelist /Users/puugru/Exercism/cpp/hello-world/CMakeFiles/3.14.1/CompilerIdCXX/CompilerIdCXX.build/Debug/CompilerIdCXX.build/Objects-normal/x86_64/CompilerIdCXX.LinkFileList -mmacosx-version-min=10.14 -Xlinker -object_path_lto -Xlinker /Users/puugru/Exercism/cpp/hello-world/CMakeFiles/3.14.1/CompilerIdCXX/CompilerIdCXX.build/Debug/CompilerIdCXX.build/Objects-normal/x86_64/CompilerIdCXX_lto.o -Xlinker -dependency_info -Xlinker /Users/puugru/Exercism/cpp/hello-world/CMakeFiles/3.14.1/CompilerIdCXX/CompilerIdCXX.build/Debug/CompilerIdCXX.build/Objects-normal/x86_64/CompilerIdCXX_dependency_info.dat -o /Users/puugru/Exercism/cpp/hello-world/CMakeFiles/3.14.1/CompilerIdCXX/CompilerIdCXX
ld: warning: ignoring file /Library/Developer/CommandLineTools/SDKs/MacOSX10.14.sdk/usr/lib/libc++.tbd, file was built for unsupported file format ( 0x2D 0x2D 0x2D 0x20 0x21 0x74 0x61 0x70 0x69 0x2D 0x74 0x62 0x64 0x2D 0x76 0x33 ) which is not the architecture being linked (x86_64): /Library/Developer/CommandLineTools/SDKs/MacOSX10.14.sdk/usr/lib/libc++.tbd
ld: warning: ignoring file /Library/Developer/CommandLineTools/SDKs/MacOSX10.14.sdk/usr/lib/libSystem.tbd, file was built for unsupported file format ( 0x2D 0x2D 0x2D 0x20 0x21 0x74 0x61 0x70 0x69 0x2D 0x74 0x62 0x64 0x2D 0x76 0x33 ) which is not the architecture being linked (x86_64): /Library/Developer/CommandLineTools/SDKs/MacOSX10.14.sdk/usr/lib/libSystem.tbd
ld: dynamic main executables must link with libSystem.dylib for architecture x86_64
clang: error: linker command failed with exit code 1 (use -v to see invocation)

** BUILD FAILED **


The following build commands failed:
	Ld CompilerIdCXX normal x86_64
(1 failure)


Compiling the CXX compiler identification source file "CMakeCXXCompilerId.cpp" failed.
Compiler:  
Build flags: 
Id flags:  

The output was:
65
=== BUILD TARGET CompilerIdCXX OF PROJECT CompilerIdCXX WITH THE DEFAULT CONFIGURATION (Debug) ===

Check dependencies

Write auxiliary files
write-file /Users/puugru/Exercism/cpp/hello-world/CMakeFiles/3.14.1/CompilerIdCXX/CompilerIdCXX.build/Debug/CompilerIdCXX.build/CompilerIdCXX-all-target-headers.hmap
/bin/mkdir -p /Users/puugru/Exercism/cpp/hello-world/CMakeFiles/3.14.1/CompilerIdCXX/CompilerIdCXX.build/Debug/CompilerIdCXX.build/Objects-normal/x86_64
write-file /Users/puugru/Exercism/cpp/hello-world/CMakeFiles/3.14.1/CompilerIdCXX/CompilerIdCXX.build/Debug/CompilerIdCXX.build/Objects-normal/x86_64/CompilerIdCXX.LinkFileList
write-file /Users/puugru/Exercism/cpp/hello-world/CMakeFiles/3.14.1/CompilerIdCXX/CompilerIdCXX.build/Debug/CompilerIdCXX.build/CompilerIdCXX-project-headers.hmap
write-file /Users/puugru/Exercism/cpp/hello-world/CMakeFiles/3.14.1/CompilerIdCXX/CompilerIdCXX.build/Debug/CompilerIdCXX.build/CompilerIdCXX-all-non-framework-target-headers.hmap
write-file /Users/puugru/Exercism/cpp/hello-world/CMakeFiles/3.14.1/CompilerIdCXX/CompilerIdCXX.build/Debug/CompilerIdCXX.build/Script-2C8FEB8E15DC1A1A00E56A5D.sh
chmod 0755 /Users/puugru/Exercism/cpp/hello-world/CMakeFiles/3.14.1/CompilerIdCXX/CompilerIdCXX.build/Debug/CompilerIdCXX.build/Script-2C8FEB8E15DC1A1A00E56A5D.sh
write-file /Users/puugru/Exercism/cpp/hello-world/CMakeFiles/3.14.1/CompilerIdCXX/CompilerIdCXX.build/Debug/CompilerIdCXX.build/CompilerIdCXX-own-target-headers.hmap
write-file /Users/puugru/Exercism/cpp/hello-world/CMakeFiles/3.14.1/CompilerIdCXX/CompilerIdCXX.build/Debug/CompilerIdCXX.build/CompilerIdCXX-generated-files.hmap
write-file /Users/puugru/Exercism/cpp/hello-world/CMakeFiles/3.14.1/CompilerIdCXX/CompilerIdCXX.build/Debug/CompilerIdCXX.build/CompilerIdCXX.hmap

CompileC CompilerIdCXX.build/Debug/CompilerIdCXX.build/Objects-normal/x86_64/CMakeCXXCompilerId.o CMakeCXXCompilerId.cpp normal x86_64 c++ com.apple.compilers.llvm.clang.1_0.compiler
    cd /Users/puugru/Exercism/cpp/hello-world/CMakeFiles/3.14.1/CompilerIdCXX
    export LANG=en_US.US-ASCII
    /Applications/Xcode.app/Contents/Developer/Toolchains/XcodeDefault.xctoolchain/usr/bin/clang -x c++ -arch x86_64 -fmessage-length=0 -fdiagnostics-show-note-include-stack -fmacro-backtrace-limit=0 -Wno-trigraphs -fpascal-strings -Os -Wno-missing-field-initializers -Wno-missing-prototypes -Wno-return-type -Wno-non-virtual-dtor -Wno-overloaded-virtual -Wno-exit-time-destructors -Wno-missing-braces -Wparentheses -Wswitch -Wno-unused-function -Wno-unused-label -Wno-unused-parameter -Wno-unused-variable -Wunused-value -Wno-empty-body -Wno-uninitialized -Wno-unknown-pragmas -Wno-shadow -Wno-four-char-constants -Wno-conversion -Wno-constant-conversion -Wno-int-conversion -Wno-bool-conversion -Wno-enum-conversion -Wno-shorten-64-to-32 -Wno-newline-eof -Wno-c++11-extensions -isysroot /Library/Developer/CommandLineTools/SDKs/MacOSX10.14.sdk -fasm-blocks -fstrict-aliasing -Wdeprecated-declarations -Winvalid-offsetof -mmacosx-version-min=10.14 -g -fvisibility=hidden -fvisibility-inlines-hidden -Wno-sign-conversion -Wno-infinite-recursion -Wno-move -I/Users/puugru/Exercism/cpp/hello-world/CMakeFiles/3.14.1/CompilerIdCXX/CompilerIdCXX.build/Debug/CompilerIdCXX.build/CompilerIdCXX.hmap -I/Users/puugru/Exercism/cpp/hello-world/CMakeFiles/3.14.1/CompilerIdCXX/include -I/Users/puugru/Exercism/cpp/hello-world/CMakeFiles/3.14.1/CompilerIdCXX/CompilerIdCXX.build/Debug/CompilerIdCXX.build/DerivedSources/x86_64 -I/Users/puugru/Exercism/cpp/hello-world/CMakeFiles/3.14.1/CompilerIdCXX/CompilerIdCXX.build/Debug/CompilerIdCXX.build/DerivedSources -F/Users/puugru/Exercism/cpp/hello-world/CMakeFiles/3.14.1/CompilerIdCXX -MMD -MT dependencies -MF /Users/puugru/Exercism/cpp/hello-world/CMakeFiles/3.14.1/CompilerIdCXX/CompilerIdCXX.build/Debug/CompilerIdCXX.build/Objects-normal/x86_64/CMakeCXXCompilerId.d --serialize-diagnostics /Users/puugru/Exercism/cpp/hello-world/CMakeFiles/3.14.1/CompilerIdCXX/CompilerIdCXX.build/Debug/CompilerIdCXX.build/Objects-normal/x86_64/CMakeCXXCompilerId.dia -c /Users/puugru/Exercism/cpp/hello-world/CMakeFiles/3.14.1/CompilerIdCXX/CMakeCXXCompilerId.cpp -o /Users/puugru/Exercism/cpp/hello-world/CMakeFiles/3.14.1/CompilerIdCXX/CompilerIdCXX.build/Debug/CompilerIdCXX.build/Objects-normal/x86_64/CMakeCXXCompilerId.o

Ld CompilerIdCXX normal x86_64
    cd /Users/puugru/Exercism/cpp/hello-world/CMakeFiles/3.14.1/CompilerIdCXX
    export MACOSX_DEPLOYMENT_TARGET=10.14
    /Applications/Xcode.app/Contents/Developer/Toolchains/XcodeDefault.xctoolchain/usr/bin/clang++ -arch x86_64 -isysroot /Library/Developer/CommandLineTools/SDKs/MacOSX10.14.sdk -L/Users/puugru/Exercism/cpp/hello-world/CMakeFiles/3.14.1/CompilerIdCXX -F/Users/puugru/Exercism/cpp/hello-world/CMakeFiles/3.14.1/CompilerIdCXX -filelist /Users/puugru/Exercism/cpp/hello-world/CMakeFiles/3.14.1/CompilerIdCXX/CompilerIdCXX.build/Debug/CompilerIdCXX.build/Objects-normal/x86_64/CompilerIdCXX.LinkFileList -mmacosx-version-min=10.14 -Xlinker -object_path_lto -Xlinker /Users/puugru/Exercism/cpp/hello-world/CMakeFiles/3.14.1/CompilerIdCXX/CompilerIdCXX.build/Debug/CompilerIdCXX.build/Objects-normal/x86_64/CompilerIdCXX_lto.o -Xlinker -dependency_info -Xlinker /Users/puugru/Exercism/cpp/hello-world/CMakeFiles/3.14.1/CompilerIdCXX/CompilerIdCXX.build/Debug/CompilerIdCXX.build/Objects-normal/x86_64/CompilerIdCXX_dependency_info.dat -o /Users/puugru/Exercism/cpp/hello-world/CMakeFiles/3.14.1/CompilerIdCXX/CompilerIdCXX
ld: warning: ignoring file /Library/Developer/CommandLineTools/SDKs/MacOSX10.14.sdk/usr/lib/libSystem.tbd, file was built for unsupported file format ( 0x2D 0x2D 0x2D 0x20 0x21 0x74 0x61 0x70 0x69 0x2D 0x74 0x62 0x64 0x2D 0x76 0x33 ) which is not the architecture being linked (x86_64): /Library/Developer/CommandLineTools/SDKs/MacOSX10.14.sdk/usr/lib/libSystem.tbd
ld: warning: ignoring file /Library/Developer/CommandLineTools/SDKs/MacOSX10.14.sdk/usr/lib/libc++.tbd, file was built for unsupported file format ( 0x2D 0x2D 0x2D 0x20 0x21 0x74 0x61 0x70 0x69 0x2D 0x74 0x62 0x64 0x2D 0x76 0x33 ) which is not the architecture being linked (x86_64): /Library/Developer/CommandLineTools/SDKs/MacOSX10.14.sdk/usr/lib/libc++.tbd
ld: dynamic main executables must link with libSystem.dylib for architecture x86_64
clang: error: linker command failed with exit code 1 (use -v to see invocation)

** BUILD FAILED **


The following build commands failed:
	Ld CompilerIdCXX normal x86_64
(1 failure)


Determining if the CXX compiler works failed with the following output:
Change Dir: /Users/puugru/Exercism/cpp/hello-world/CMakeFiles/CMakeTmp

Run Build Command(s):/usr/bin/xcodebuild -project CMAKE_TRY_COMPILE.xcodeproj build -target cmTC_907d0 -configuration Debug -hideShellScriptEnvironment 
User defaults from command line:
    HideShellScriptEnvironment = YES

=== BUILD TARGET cmTC_907d0 OF PROJECT CMAKE_TRY_COMPILE WITH CONFIGURATION Debug ===

Check dependencies

Write auxiliary files
/bin/mkdir -p /Users/puugru/Exercism/cpp/hello-world/CMakeFiles/CMakeTmp/CMAKE_TRY_COMPILE.build/Debug/cmTC_907d0.build/Objects-normal/x86_64
write-file /Users/puugru/Exercism/cpp/hello-world/CMakeFiles/CMakeTmp/CMAKE_TRY_COMPILE.build/Debug/cmTC_907d0.build/Objects-normal/x86_64/cmTC_907d0.LinkFileList

CompileC CMAKE_TRY_COMPILE.build/Debug/cmTC_907d0.build/Objects-normal/x86_64/testCXXCompiler.o testCXXCompiler.cxx normal x86_64 c++ com.apple.compilers.llvm.clang.1_0.compiler
    cd /Users/puugru/Exercism/cpp/hello-world/CMakeFiles/CMakeTmp
    /Applications/Xcode.app/Contents/Developer/Toolchains/XcodeDefault.xctoolchain/usr/bin/clang -x c++ -arch x86_64 -fmessage-length=0 -fdiagnostics-show-note-include-stack -fmacro-backtrace-limit=0 -Wno-trigraphs -fpascal-strings -O0 -Wno-missing-field-initializers -Wno-missing-prototypes -Wno-return-type -Wno-non-virtual-dtor -Wno-overloaded-virtual -Wno-exit-time-destructors -Wno-missing-braces -Wparentheses -Wswitch -Wno-unused-function -Wno-unused-label -Wno-unused-parameter -Wno-unused-variable -Wunused-value -Wno-empty-body -Wno-uninitialized -Wno-unknown-pragmas -Wno-shadow -Wno-four-char-constants -Wno-conversion -Wno-constant-conversion -Wno-int-conversion -Wno-bool-conversion -Wno-enum-conversion -Wno-shorten-64-to-32 -Wno-newline-eof -Wno-c++11-extensions -DCMAKE_INTDIR=\"Debug\" -isysroot /Library/Developer/CommandLineTools/SDKs/MacOSX10.14.sdk -fasm-blocks -fstrict-aliasing -Wdeprecated-declarations -Winvalid-offsetof -mmacosx-version-min=10.14 -Wno-sign-conversion -Wno-infinite-recursion -Wno-move -I/Users/puugru/Exercism/cpp/hello-world/CMakeFiles/CMakeTmp/Debug/include -I/Users/puugru/Exercism/cpp/hello-world/CMakeFiles/CMakeTmp/CMAKE_TRY_COMPILE.build/Debug/cmTC_907d0.build/DerivedSources/x86_64 -I/Users/puugru/Exercism/cpp/hello-world/CMakeFiles/CMakeTmp/CMAKE_TRY_COMPILE.build/Debug/cmTC_907d0.build/DerivedSources -Wmost -Wno-four-char-constants -Wno-unknown-pragmas -F/Users/puugru/Exercism/cpp/hello-world/CMakeFiles/CMakeTmp/Debug -MMD -MT dependencies -MF /Users/puugru/Exercism/cpp/hello-world/CMakeFiles/CMakeTmp/CMAKE_TRY_COMPILE.build/Debug/cmTC_907d0.build/Objects-normal/x86_64/testCXXCompiler.d --serialize-diagnostics /Users/puugru/Exercism/cpp/hello-world/CMakeFiles/CMakeTmp/CMAKE_TRY_COMPILE.build/Debug/cmTC_907d0.build/Objects-normal/x86_64/testCXXCompiler.dia -c /Users/puugru/Exercism/cpp/hello-world/CMakeFiles/CMakeTmp/testCXXCompiler.cxx -o /Users/puugru/Exercism/cpp/hello-world/CMakeFiles/CMakeTmp/CMAKE_TRY_COMPILE.build/Debug/cmTC_907d0.build/Objects-normal/x86_64/testCXXCompiler.o

Ld Debug/cmTC_907d0 normal x86_64
    cd /Users/puugru/Exercism/cpp/hello-world/CMakeFiles/CMakeTmp
    /Applications/Xcode.app/Contents/Developer/Toolchains/XcodeDefault.xctoolchain/usr/bin/clang++ -arch x86_64 -isysroot /Library/Developer/CommandLineTools/SDKs/MacOSX10.14.sdk -L/Users/puugru/Exercism/cpp/hello-world/CMakeFiles/CMakeTmp/Debug -F/Users/puugru/Exercism/cpp/hello-world/CMakeFiles/CMakeTmp/Debug -filelist /Users/puugru/Exercism/cpp/hello-world/CMakeFiles/CMakeTmp/CMAKE_TRY_COMPILE.build/Debug/cmTC_907d0.build/Objects-normal/x86_64/cmTC_907d0.LinkFileList -mmacosx-version-min=10.14 -Xlinker -no_deduplicate -Wl,-search_paths_first -Wl,-headerpad_max_install_names -Xlinker -dependency_info -Xlinker /Users/puugru/Exercism/cpp/hello-world/CMakeFiles/CMakeTmp/CMAKE_TRY_COMPILE.build/Debug/cmTC_907d0.build/Objects-normal/x86_64/cmTC_907d0_dependency_info.dat -o /Users/puugru/Exercism/cpp/hello-world/CMakeFiles/CMakeTmp/Debug/cmTC_907d0
ld: warning: ignoring file /Library/Developer/CommandLineTools/SDKs/MacOSX10.14.sdk/usr/lib/libSystem.tbd, file was built for unsupported file format ( 0x2D 0x2D 0x2D 0x20 0x21 0x74 0x61 0x70 0x69 0x2D 0x74 0x62 0x64 0x2D 0x76 0x33 ) which is not the architecture being linked (x86_64): /Library/Developer/CommandLineTools/SDKs/MacOSX10.14.sdk/usr/lib/libSystem.tbd
ld: warning: ignoring file /Library/Developer/CommandLineTools/SDKs/MacOSX10.14.sdk/usr/lib/libc++.tbd, file was built for unsupported file format ( 0x2D 0x2D 0x2D 0x20 0x21 0x74 0x61 0x70 0x69 0x2D 0x74 0x62 0x64 0x2D 0x76 0x33 ) which is not the architecture being linked (x86_64): /Library/Developer/CommandLineTools/SDKs/MacOSX10.14.sdk/usr/lib/libc++.tbd
ld: dynamic main executables must link with libSystem.dylib for architecture x86_64
clang: error: linker command failed with exit code 1 (use -v to see invocation)

** BUILD FAILED **


The following build commands failed:
	Ld Debug/cmTC_907d0 normal x86_64
(1 failure)


Compiling the CXX compiler identification source file "CMakeCXXCompilerId.cpp" failed.
Compiler:  
Build flags: 
Id flags:  

The output was:
65
=== BUILD TARGET CompilerIdCXX OF PROJECT CompilerIdCXX WITH THE DEFAULT CONFIGURATION (Debug) ===

Check dependencies

Write auxiliary files
write-file /Users/puugru/Exercism/cpp/hello-world/CMakeFiles/3.14.1/CompilerIdCXX/CompilerIdCXX.build/Debug/CompilerIdCXX.build/CompilerIdCXX-all-target-headers.hmap
/bin/mkdir -p /Users/puugru/Exercism/cpp/hello-world/CMakeFiles/3.14.1/CompilerIdCXX/CompilerIdCXX.build/Debug/CompilerIdCXX.build/Objects-normal/x86_64
write-file /Users/puugru/Exercism/cpp/hello-world/CMakeFiles/3.14.1/CompilerIdCXX/CompilerIdCXX.build/Debug/CompilerIdCXX.build/Objects-normal/x86_64/CompilerIdCXX.LinkFileList
write-file /Users/puugru/Exercism/cpp/hello-world/CMakeFiles/3.14.1/CompilerIdCXX/CompilerIdCXX.build/Debug/CompilerIdCXX.build/CompilerIdCXX-project-headers.hmap
write-file /Users/puugru/Exercism/cpp/hello-world/CMakeFiles/3.14.1/CompilerIdCXX/CompilerIdCXX.build/Debug/CompilerIdCXX.build/CompilerIdCXX-all-non-framework-target-headers.hmap
write-file /Users/puugru/Exercism/cpp/hello-world/CMakeFiles/3.14.1/CompilerIdCXX/CompilerIdCXX.build/Debug/CompilerIdCXX.build/Script-2C8FEB8E15DC1A1A00E56A5D.sh
chmod 0755 /Users/puugru/Exercism/cpp/hello-world/CMakeFiles/3.14.1/CompilerIdCXX/CompilerIdCXX.build/Debug/CompilerIdCXX.build/Script-2C8FEB8E15DC1A1A00E56A5D.sh
write-file /Users/puugru/Exercism/cpp/hello-world/CMakeFiles/3.14.1/CompilerIdCXX/CompilerIdCXX.build/Debug/CompilerIdCXX.build/CompilerIdCXX-own-target-headers.hmap
write-file /Users/puugru/Exercism/cpp/hello-world/CMakeFiles/3.14.1/CompilerIdCXX/CompilerIdCXX.build/Debug/CompilerIdCXX.build/CompilerIdCXX-generated-files.hmap
write-file /Users/puugru/Exercism/cpp/hello-world/CMakeFiles/3.14.1/CompilerIdCXX/CompilerIdCXX.build/Debug/CompilerIdCXX.build/CompilerIdCXX.hmap

CompileC CompilerIdCXX.build/Debug/CompilerIdCXX.build/Objects-normal/x86_64/CMakeCXXCompilerId.o CMakeCXXCompilerId.cpp normal x86_64 c++ com.apple.compilers.llvm.clang.1_0.compiler
    cd /Users/puugru/Exercism/cpp/hello-world/CMakeFiles/3.14.1/CompilerIdCXX
    export LANG=en_US.US-ASCII
    /Applications/Xcode.app/Contents/Developer/Toolchains/XcodeDefault.xctoolchain/usr/bin/clang -x c++ -arch x86_64 -fmessage-length=0 -fdiagnostics-show-note-include-stack -fmacro-backtrace-limit=0 -Wno-trigraphs -fpascal-strings -Os -Wno-missing-field-initializers -Wno-missing-prototypes -Wno-return-type -Wno-non-virtual-dtor -Wno-overloaded-virtual -Wno-exit-time-destructors -Wno-missing-braces -Wparentheses -Wswitch -Wno-unused-function -Wno-unused-label -Wno-unused-parameter -Wno-unused-variable -Wunused-value -Wno-empty-body -Wno-uninitialized -Wno-unknown-pragmas -Wno-shadow -Wno-four-char-constants -Wno-conversion -Wno-constant-conversion -Wno-int-conversion -Wno-bool-conversion -Wno-enum-conversion -Wno-shorten-64-to-32 -Wno-newline-eof -Wno-c++11-extensions -isysroot /Library/Developer/CommandLineTools/SDKs/MacOSX10.14.sdk -fasm-blocks -fstrict-aliasing -Wdeprecated-declarations -Winvalid-offsetof -mmacosx-version-min=10.14 -g -fvisibility=hidden -fvisibility-inlines-hidden -Wno-sign-conversion -Wno-infinite-recursion -Wno-move -I/Users/puugru/Exercism/cpp/hello-world/CMakeFiles/3.14.1/CompilerIdCXX/CompilerIdCXX.build/Debug/CompilerIdCXX.build/CompilerIdCXX.hmap -I/Users/puugru/Exercism/cpp/hello-world/CMakeFiles/3.14.1/CompilerIdCXX/include -I/Users/puugru/Exercism/cpp/hello-world/CMakeFiles/3.14.1/CompilerIdCXX/CompilerIdCXX.build/Debug/CompilerIdCXX.build/DerivedSources/x86_64 -I/Users/puugru/Exercism/cpp/hello-world/CMakeFiles/3.14.1/CompilerIdCXX/CompilerIdCXX.build/Debug/CompilerIdCXX.build/DerivedSources -F/Users/puugru/Exercism/cpp/hello-world/CMakeFiles/3.14.1/CompilerIdCXX -MMD -MT dependencies -MF /Users/puugru/Exercism/cpp/hello-world/CMakeFiles/3.14.1/CompilerIdCXX/CompilerIdCXX.build/Debug/CompilerIdCXX.build/Objects-normal/x86_64/CMakeCXXCompilerId.d --serialize-diagnostics /Users/puugru/Exercism/cpp/hello-world/CMakeFiles/3.14.1/CompilerIdCXX/CompilerIdCXX.build/Debug/CompilerIdCXX.build/Objects-normal/x86_64/CMakeCXXCompilerId.dia -c /Users/puugru/Exercism/cpp/hello-world/CMakeFiles/3.14.1/CompilerIdCXX/CMakeCXXCompilerId.cpp -o /Users/puugru/Exercism/cpp/hello-world/CMakeFiles/3.14.1/CompilerIdCXX/CompilerIdCXX.build/Debug/CompilerIdCXX.build/Objects-normal/x86_64/CMakeCXXCompilerId.o

Ld CompilerIdCXX normal x86_64
    cd /Users/puugru/Exercism/cpp/hello-world/CMakeFiles/3.14.1/CompilerIdCXX
    export MACOSX_DEPLOYMENT_TARGET=10.14
    /Applications/Xcode.app/Contents/Developer/Toolchains/XcodeDefault.xctoolchain/usr/bin/clang++ -arch x86_64 -isysroot /Library/Developer/CommandLineTools/SDKs/MacOSX10.14.sdk -L/Users/puugru/Exercism/cpp/hello-world/CMakeFiles/3.14.1/CompilerIdCXX -F/Users/puugru/Exercism/cpp/hello-world/CMakeFiles/3.14.1/CompilerIdCXX -filelist /Users/puugru/Exercism/cpp/hello-world/CMakeFiles/3.14.1/CompilerIdCXX/CompilerIdCXX.build/Debug/CompilerIdCXX.build/Objects-normal/x86_64/CompilerIdCXX.LinkFileList -mmacosx-version-min=10.14 -Xlinker -object_path_lto -Xlinker /Users/puugru/Exercism/cpp/hello-world/CMakeFiles/3.14.1/CompilerIdCXX/CompilerIdCXX.build/Debug/CompilerIdCXX.build/Objects-normal/x86_64/CompilerIdCXX_lto.o -Xlinker -dependency_info -Xlinker /Users/puugru/Exercism/cpp/hello-world/CMakeFiles/3.14.1/CompilerIdCXX/CompilerIdCXX.build/Debug/CompilerIdCXX.build/Objects-normal/x86_64/CompilerIdCXX_dependency_info.dat -o /Users/puugru/Exercism/cpp/hello-world/CMakeFiles/3.14.1/CompilerIdCXX/CompilerIdCXX
ld: warning: ignoring file /Library/Developer/CommandLineTools/SDKs/MacOSX10.14.sdk/usr/lib/libSystem.tbd, file was built for unsupported file format ( 0x2D 0x2D 0x2D 0x20 0x21 0x74 0x61 0x70 0x69 0x2D 0x74 0x62 0x64 0x2D 0x76 0x33 ) which is not the architecture being linked (x86_64): /Library/Developer/CommandLineTools/SDKs/MacOSX10.14.sdk/usr/lib/libSystem.tbdld: warning: ignoring file /Library/Developer/CommandLineTools/SDKs/MacOSX10.14.sdk/usr/lib/libc++.tbd, file was built for unsupported file format ( 0x2D 0x2D 0x2D 0x20 0x21 0x74 0x61 0x70 0x69 0x2D 0x74 0x62 0x64 0x2D 0x76 0x33 ) which is not the architecture being linked (x86_64): /Library/Developer/CommandLineTools/SDKs/MacOSX10.14.sdk/usr/lib/libc++.tbd

ld: dynamic main executables must link with libSystem.dylib for architecture x86_64
clang: error: linker command failed with exit code 1 (use -v to see invocation)

** BUILD FAILED **


The following build commands failed:
	Ld CompilerIdCXX normal x86_64
(1 failure)


Compiling the CXX compiler identification source file "CMakeCXXCompilerId.cpp" failed.
Compiler:  
Build flags: 
Id flags:  

The output was:
65
=== BUILD TARGET CompilerIdCXX OF PROJECT CompilerIdCXX WITH THE DEFAULT CONFIGURATION (Debug) ===

Check dependencies

Write auxiliary files
write-file /Users/puugru/Exercism/cpp/hello-world/CMakeFiles/3.14.1/CompilerIdCXX/CompilerIdCXX.build/Debug/CompilerIdCXX.build/CompilerIdCXX-all-target-headers.hmap
/bin/mkdir -p /Users/puugru/Exercism/cpp/hello-world/CMakeFiles/3.14.1/CompilerIdCXX/CompilerIdCXX.build/Debug/CompilerIdCXX.build/Objects-normal/x86_64
write-file /Users/puugru/Exercism/cpp/hello-world/CMakeFiles/3.14.1/CompilerIdCXX/CompilerIdCXX.build/Debug/CompilerIdCXX.build/Objects-normal/x86_64/CompilerIdCXX.LinkFileList
write-file /Users/puugru/Exercism/cpp/hello-world/CMakeFiles/3.14.1/CompilerIdCXX/CompilerIdCXX.build/Debug/CompilerIdCXX.build/CompilerIdCXX-project-headers.hmap
write-file /Users/puugru/Exercism/cpp/hello-world/CMakeFiles/3.14.1/CompilerIdCXX/CompilerIdCXX.build/Debug/CompilerIdCXX.build/CompilerIdCXX-all-non-framework-target-headers.hmap
write-file /Users/puugru/Exercism/cpp/hello-world/CMakeFiles/3.14.1/CompilerIdCXX/CompilerIdCXX.build/Debug/CompilerIdCXX.build/Script-2C8FEB8E15DC1A1A00E56A5D.sh
chmod 0755 /Users/puugru/Exercism/cpp/hello-world/CMakeFiles/3.14.1/CompilerIdCXX/CompilerIdCXX.build/Debug/CompilerIdCXX.build/Script-2C8FEB8E15DC1A1A00E56A5D.sh
write-file /Users/puugru/Exercism/cpp/hello-world/CMakeFiles/3.14.1/CompilerIdCXX/CompilerIdCXX.build/Debug/CompilerIdCXX.build/CompilerIdCXX-own-target-headers.hmap
write-file /Users/puugru/Exercism/cpp/hello-world/CMakeFiles/3.14.1/CompilerIdCXX/CompilerIdCXX.build/Debug/CompilerIdCXX.build/CompilerIdCXX-generated-files.hmap
write-file /Users/puugru/Exercism/cpp/hello-world/CMakeFiles/3.14.1/CompilerIdCXX/CompilerIdCXX.build/Debug/CompilerIdCXX.build/CompilerIdCXX.hmap

CompileC CompilerIdCXX.build/Debug/CompilerIdCXX.build/Objects-normal/x86_64/CMakeCXXCompilerId.o CMakeCXXCompilerId.cpp normal x86_64 c++ com.apple.compilers.llvm.clang.1_0.compiler
    cd /Users/puugru/Exercism/cpp/hello-world/CMakeFiles/3.14.1/CompilerIdCXX
    export LANG=en_US.US-ASCII
    /Applications/Xcode.app/Contents/Developer/Toolchains/XcodeDefault.xctoolchain/usr/bin/clang -x c++ -arch x86_64 -fmessage-length=0 -fdiagnostics-show-note-include-stack -fmacro-backtrace-limit=0 -Wno-trigraphs -fpascal-strings -Os -Wno-missing-field-initializers -Wno-missing-prototypes -Wno-return-type -Wno-non-virtual-dtor -Wno-overloaded-virtual -Wno-exit-time-destructors -Wno-missing-braces -Wparentheses -Wswitch -Wno-unused-function -Wno-unused-label -Wno-unused-parameter -Wno-unused-variable -Wunused-value -Wno-empty-body -Wno-uninitialized -Wno-unknown-pragmas -Wno-shadow -Wno-four-char-constants -Wno-conversion -Wno-constant-conversion -Wno-int-conversion -Wno-bool-conversion -Wno-enum-conversion -Wno-shorten-64-to-32 -Wno-newline-eof -Wno-c++11-extensions -isysroot /Library/Developer/CommandLineTools/SDKs/MacOSX10.14.sdk -fasm-blocks -fstrict-aliasing -Wdeprecated-declarations -Winvalid-offsetof -mmacosx-version-min=10.14 -g -fvisibility=hidden -fvisibility-inlines-hidden -Wno-sign-conversion -Wno-infinite-recursion -Wno-move -I/Users/puugru/Exercism/cpp/hello-world/CMakeFiles/3.14.1/CompilerIdCXX/CompilerIdCXX.build/Debug/CompilerIdCXX.build/CompilerIdCXX.hmap -I/Users/puugru/Exercism/cpp/hello-world/CMakeFiles/3.14.1/CompilerIdCXX/include -I/Users/puugru/Exercism/cpp/hello-world/CMakeFiles/3.14.1/CompilerIdCXX/CompilerIdCXX.build/Debug/CompilerIdCXX.build/DerivedSources/x86_64 -I/Users/puugru/Exercism/cpp/hello-world/CMakeFiles/3.14.1/CompilerIdCXX/CompilerIdCXX.build/Debug/CompilerIdCXX.build/DerivedSources -F/Users/puugru/Exercism/cpp/hello-world/CMakeFiles/3.14.1/CompilerIdCXX -MMD -MT dependencies -MF /Users/puugru/Exercism/cpp/hello-world/CMakeFiles/3.14.1/CompilerIdCXX/CompilerIdCXX.build/Debug/CompilerIdCXX.build/Objects-normal/x86_64/CMakeCXXCompilerId.d --serialize-diagnostics /Users/puugru/Exercism/cpp/hello-world/CMakeFiles/3.14.1/CompilerIdCXX/CompilerIdCXX.build/Debug/CompilerIdCXX.build/Objects-normal/x86_64/CMakeCXXCompilerId.dia -c /Users/puugru/Exercism/cpp/hello-world/CMakeFiles/3.14.1/CompilerIdCXX/CMakeCXXCompilerId.cpp -o /Users/puugru/Exercism/cpp/hello-world/CMakeFiles/3.14.1/CompilerIdCXX/CompilerIdCXX.build/Debug/CompilerIdCXX.build/Objects-normal/x86_64/CMakeCXXCompilerId.o

Ld CompilerIdCXX normal x86_64
    cd /Users/puugru/Exercism/cpp/hello-world/CMakeFiles/3.14.1/CompilerIdCXX
    export MACOSX_DEPLOYMENT_TARGET=10.14
    /Applications/Xcode.app/Contents/Developer/Toolchains/XcodeDefault.xctoolchain/usr/bin/clang++ -arch x86_64 -isysroot /Library/Developer/CommandLineTools/SDKs/MacOSX10.14.sdk -L/Users/puugru/Exercism/cpp/hello-world/CMakeFiles/3.14.1/CompilerIdCXX -F/Users/puugru/Exercism/cpp/hello-world/CMakeFiles/3.14.1/CompilerIdCXX -filelist /Users/puugru/Exercism/cpp/hello-world/CMakeFiles/3.14.1/CompilerIdCXX/CompilerIdCXX.build/Debug/CompilerIdCXX.build/Objects-normal/x86_64/CompilerIdCXX.LinkFileList -mmacosx-version-min=10.14 -Xlinker -object_path_lto -Xlinker /Users/puugru/Exercism/cpp/hello-world/CMakeFiles/3.14.1/CompilerIdCXX/CompilerIdCXX.build/Debug/CompilerIdCXX.build/Objects-normal/x86_64/CompilerIdCXX_lto.o -Xlinker -dependency_info -Xlinker /Users/puugru/Exercism/cpp/hello-world/CMakeFiles/3.14.1/CompilerIdCXX/CompilerIdCXX.build/Debug/CompilerIdCXX.build/Objects-normal/x86_64/CompilerIdCXX_dependency_info.dat -o /Users/puugru/Exercism/cpp/hello-world/CMakeFiles/3.14.1/CompilerIdCXX/CompilerIdCXX
ld: warning: ignoring file /Library/Developer/CommandLineTools/SDKs/MacOSX10.14.sdk/usr/lib/libSystem.tbd, file was built for unsupported file format ( 0x2D 0x2D 0x2D 0x20 0x21 0x74 0x61 0x70 0x69 0x2D 0x74 0x62 0x64 0x2D 0x76 0x33 ) which is not the architecture being linked (x86_64): /Library/Developer/CommandLineTools/SDKs/MacOSX10.14.sdk/usr/lib/libSystem.tbdld: warning: ignoring file /Library/Developer/CommandLineTools/SDKs/MacOSX10.14.sdk/usr/lib/libc++.tbd, file was built for unsupported file format ( 0x2D 0x2D 0x2D 0x20 0x21 0x74 0x61 0x70 0x69 0x2D 0x74 0x62 0x64 0x2D 0x76 0x33 ) which is not the architecture being linked (x86_64): /Library/Developer/CommandLineTools/SDKs/MacOSX10.14.sdk/usr/lib/libc++.tbd

ld: dynamic main executables must link with libSystem.dylib for architecture x86_64
clang: error: linker command failed with exit code 1 (use -v to see invocation)

** BUILD FAILED **


The following build commands failed:
	Ld CompilerIdCXX normal x86_64
(1 failure)


