The system is: Darwin - 18.5.0 - x86_64
Determining if the CXX compiler works passed with the following output:
Change Dir: /Users/puugru/Exercism/cpp/hello-world/CMakeFiles/CMakeTmp

Run Build Command(s):/usr/bin/xcodebuild -project CMAKE_TRY_COMPILE.xcodeproj build -target cmTC_f2a71 -configuration Debug -hideShellScriptEnvironment 
User defaults from command line:
    HideShellScriptEnvironment = YES

=== BUILD TARGET cmTC_f2a71 OF PROJECT CMAKE_TRY_COMPILE WITH CONFIGURATION Debug ===

Check dependencies

Write auxiliary files
/bin/mkdir -p /Users/puugru/Exercism/cpp/hello-world/CMakeFiles/CMakeTmp/CMAKE_TRY_COMPILE.build/Debug/cmTC_f2a71.build/Objects-normal/x86_64
write-file /Users/puugru/Exercism/cpp/hello-world/CMakeFiles/CMakeTmp/CMAKE_TRY_COMPILE.build/Debug/cmTC_f2a71.build/Objects-normal/x86_64/cmTC_f2a71.LinkFileList

CompileC CMAKE_TRY_COMPILE.build/Debug/cmTC_f2a71.build/Objects-normal/x86_64/testCXXCompiler.o testCXXCompiler.cxx normal x86_64 c++ com.apple.compilers.llvm.clang.1_0.compiler
    cd /Users/puugru/Exercism/cpp/hello-world/CMakeFiles/CMakeTmp
    /Applications/Xcode.app/Contents/Developer/Toolchains/XcodeDefault.xctoolchain/usr/bin/clang -x c++ -arch x86_64 -fmessage-length=0 -fdiagnostics-show-note-include-stack -fmacro-backtrace-limit=0 -Wno-trigraphs -fpascal-strings -O0 -Wno-missing-field-initializers -Wno-missing-prototypes -Wno-return-type -Wno-non-virtual-dtor -Wno-overloaded-virtual -Wno-exit-time-destructors -Wno-missing-braces -Wparentheses -Wswitch -Wno-unused-function -Wno-unused-label -Wno-unused-parameter -Wno-unused-variable -Wunused-value -Wno-empty-body -Wno-uninitialized -Wno-unknown-pragmas -Wno-shadow -Wno-four-char-constants -Wno-conversion -Wno-constant-conversion -Wno-int-conversion -Wno-bool-conversion -Wno-enum-conversion -Wno-shorten-64-to-32 -Wno-newline-eof -Wno-c++11-extensions -DCMAKE_INTDIR=\"Debug\" -isysroot /Library/Developer/CommandLineTools/SDKs/MacOSX10.14.sdk -fasm-blocks -fstrict-aliasing -Wdeprecated-declarations -Winvalid-offsetof -mmacosx-version-min=10.14 -Wno-sign-conversion -Wno-infinite-recursion -Wno-move -I/Users/puugru/Exercism/cpp/hello-world/CMakeFiles/CMakeTmp/Debug/include -I/Users/puugru/Exercism/cpp/hello-world/CMakeFiles/CMakeTmp/CMAKE_TRY_COMPILE.build/Debug/cmTC_f2a71.build/DerivedSources/x86_64 -I/Users/puugru/Exercism/cpp/hello-world/CMakeFiles/CMakeTmp/CMAKE_TRY_COMPILE.build/Debug/cmTC_f2a71.build/DerivedSources -Wmost -Wno-four-char-constants -Wno-unknown-pragmas -F/Users/puugru/Exercism/cpp/hello-world/CMakeFiles/CMakeTmp/Debug -MMD -MT dependencies -MF /Users/puugru/Exercism/cpp/hello-world/CMakeFiles/CMakeTmp/CMAKE_TRY_COMPILE.build/Debug/cmTC_f2a71.build/Objects-normal/x86_64/testCXXCompiler.d --serialize-diagnostics /Users/puugru/Exercism/cpp/hello-world/CMakeFiles/CMakeTmp/CMAKE_TRY_COMPILE.build/Debug/cmTC_f2a71.build/Objects-normal/x86_64/testCXXCompiler.dia -c /Users/puugru/Exercism/cpp/hello-world/CMakeFiles/CMakeTmp/testCXXCompiler.cxx -o /Users/puugru/Exercism/cpp/hello-world/CMakeFiles/CMakeTmp/CMAKE_TRY_COMPILE.build/Debug/cmTC_f2a71.build/Objects-normal/x86_64/testCXXCompiler.o

Ld Debug/cmTC_f2a71 normal x86_64
    cd /Users/puugru/Exercism/cpp/hello-world/CMakeFiles/CMakeTmp
    /Applications/Xcode.app/Contents/Developer/Toolchains/XcodeDefault.xctoolchain/usr/bin/clang++ -arch x86_64 -isysroot /Library/Developer/CommandLineTools/SDKs/MacOSX10.14.sdk -L/Users/puugru/Exercism/cpp/hello-world/CMakeFiles/CMakeTmp/Debug -F/Users/puugru/Exercism/cpp/hello-world/CMakeFiles/CMakeTmp/Debug -filelist /Users/puugru/Exercism/cpp/hello-world/CMakeFiles/CMakeTmp/CMAKE_TRY_COMPILE.build/Debug/cmTC_f2a71.build/Objects-normal/x86_64/cmTC_f2a71.LinkFileList -mmacosx-version-min=10.14 -Xlinker -no_deduplicate -L/usr/local/opt/llvm/lib -Wl,-search_paths_first -Wl,-headerpad_max_install_names -Xlinker -dependency_info -Xlinker /Users/puugru/Exercism/cpp/hello-world/CMakeFiles/CMakeTmp/CMAKE_TRY_COMPILE.build/Debug/cmTC_f2a71.build/Objects-normal/x86_64/cmTC_f2a71_dependency_info.dat -o /Users/puugru/Exercism/cpp/hello-world/CMakeFiles/CMakeTmp/Debug/cmTC_f2a71
ld: warning: ignoring file /Library/Developer/CommandLineTools/SDKs/MacOSX10.14.sdk/usr/lib/libSystem.tbd, file was built for unsupported file format ( 0x2D 0x2D 0x2D 0x20 0x21 0x74 0x61 0x70 0x69 0x2D 0x74 0x62 0x64 0x2D 0x76 0x33 ) which is not the architecture being linked (x86_64): /Library/Developer/CommandLineTools/SDKs/MacOSX10.14.sdk/usr/lib/libSystem.tbd

** BUILD SUCCEEDED **



Detecting CXX compiler ABI info compiled with the following output:
Change Dir: /Users/puugru/Exercism/cpp/hello-world/CMakeFiles/CMakeTmp

Run Build Command(s):/usr/bin/xcodebuild -project CMAKE_TRY_COMPILE.xcodeproj build -target cmTC_1950d -configuration Debug -hideShellScriptEnvironment 
User defaults from command line:
    HideShellScriptEnvironment = YES

=== BUILD TARGET cmTC_1950d OF PROJECT CMAKE_TRY_COMPILE WITH CONFIGURATION Debug ===

Check dependencies

Write auxiliary files
/bin/mkdir -p /Users/puugru/Exercism/cpp/hello-world/CMakeFiles/CMakeTmp/CMAKE_TRY_COMPILE.build/Debug/cmTC_1950d.build/Objects-normal/x86_64
write-file /Users/puugru/Exercism/cpp/hello-world/CMakeFiles/CMakeTmp/CMAKE_TRY_COMPILE.build/Debug/cmTC_1950d.build/Objects-normal/x86_64/cmTC_1950d.LinkFileList

CompileC CMAKE_TRY_COMPILE.build/Debug/cmTC_1950d.build/Objects-normal/x86_64/CMakeCXXCompilerABI.o /usr/local/Cellar/cmake/3.14.1/share/cmake/Modules/CMakeCXXCompilerABI.cpp normal x86_64 c++ com.apple.compilers.llvm.clang.1_0.compiler
    cd /Users/puugru/Exercism/cpp/hello-world/CMakeFiles/CMakeTmp
    /Applications/Xcode.app/Contents/Developer/Toolchains/XcodeDefault.xctoolchain/usr/bin/clang -x c++ -arch x86_64 -fmessage-length=0 -fdiagnostics-show-note-include-stack -fmacro-backtrace-limit=0 -Wno-trigraphs -fpascal-strings -O0 -Wno-missing-field-initializers -Wno-missing-prototypes -Wno-return-type -Wno-non-virtual-dtor -Wno-overloaded-virtual -Wno-exit-time-destructors -Wno-missing-braces -Wparentheses -Wswitch -Wno-unused-function -Wno-unused-label -Wno-unused-parameter -Wno-unused-variable -Wunused-value -Wno-empty-body -Wno-uninitialized -Wno-unknown-pragmas -Wno-shadow -Wno-four-char-constants -Wno-conversion -Wno-constant-conversion -Wno-int-conversion -Wno-bool-conversion -Wno-enum-conversion -Wno-shorten-64-to-32 -Wno-newline-eof -Wno-c++11-extensions -DCMAKE_INTDIR=\"Debug\" -isysroot /Library/Developer/CommandLineTools/SDKs/MacOSX10.14.sdk -fasm-blocks -fstrict-aliasing -Wdeprecated-declarations -Winvalid-offsetof -mmacosx-version-min=10.14 -Wno-sign-conversion -Wno-infinite-recursion -Wno-move -I/Users/puugru/Exercism/cpp/hello-world/CMakeFiles/CMakeTmp/Debug/include -I/Users/puugru/Exercism/cpp/hello-world/CMakeFiles/CMakeTmp/CMAKE_TRY_COMPILE.build/Debug/cmTC_1950d.build/DerivedSources/x86_64 -I/Users/puugru/Exercism/cpp/hello-world/CMakeFiles/CMakeTmp/CMAKE_TRY_COMPILE.build/Debug/cmTC_1950d.build/DerivedSources -Wmost -Wno-four-char-constants -Wno-unknown-pragmas -F/Users/puugru/Exercism/cpp/hello-world/CMakeFiles/CMakeTmp/Debug -MMD -MT dependencies -MF /Users/puugru/Exercism/cpp/hello-world/CMakeFiles/CMakeTmp/CMAKE_TRY_COMPILE.build/Debug/cmTC_1950d.build/Objects-normal/x86_64/CMakeCXXCompilerABI.d --serialize-diagnostics /Users/puugru/Exercism/cpp/hello-world/CMakeFiles/CMakeTmp/CMAKE_TRY_COMPILE.build/Debug/cmTC_1950d.build/Objects-normal/x86_64/CMakeCXXCompilerABI.dia -c /usr/local/Cellar/cmake/3.14.1/share/cmake/Modules/CMakeCXXCompilerABI.cpp -o /Users/puugru/Exercism/cpp/hello-world/CMakeFiles/CMakeTmp/CMAKE_TRY_COMPILE.build/Debug/cmTC_1950d.build/Objects-normal/x86_64/CMakeCXXCompilerABI.o

Ld Debug/cmTC_1950d normal x86_64
    cd /Users/puugru/Exercism/cpp/hello-world/CMakeFiles/CMakeTmp
    /Applications/Xcode.app/Contents/Developer/Toolchains/XcodeDefault.xctoolchain/usr/bin/clang++ -arch x86_64 -isysroot /Library/Developer/CommandLineTools/SDKs/MacOSX10.14.sdk -L/Users/puugru/Exercism/cpp/hello-world/CMakeFiles/CMakeTmp/Debug -F/Users/puugru/Exercism/cpp/hello-world/CMakeFiles/CMakeTmp/Debug -filelist /Users/puugru/Exercism/cpp/hello-world/CMakeFiles/CMakeTmp/CMAKE_TRY_COMPILE.build/Debug/cmTC_1950d.build/Objects-normal/x86_64/cmTC_1950d.LinkFileList -mmacosx-version-min=10.14 -Xlinker -no_deduplicate -L/usr/local/opt/llvm/lib -Wl,-search_paths_first -Wl,-headerpad_max_install_names -Xlinker -dependency_info -Xlinker /Users/puugru/Exercism/cpp/hello-world/CMakeFiles/CMakeTmp/CMAKE_TRY_COMPILE.build/Debug/cmTC_1950d.build/Objects-normal/x86_64/cmTC_1950d_dependency_info.dat -o /Users/puugru/Exercism/cpp/hello-world/CMakeFiles/CMakeTmp/Debug/cmTC_1950d
ld: warning: ignoring file /Library/Developer/CommandLineTools/SDKs/MacOSX10.14.sdk/usr/lib/libSystem.tbd, file was built for unsupported file format ( 0x2D 0x2D 0x2D 0x20 0x21 0x74 0x61 0x70 0x69 0x2D 0x74 0x62 0x64 0x2D 0x76 0x33 ) which is not the architecture being linked (x86_64): /Library/Developer/CommandLineTools/SDKs/MacOSX10.14.sdk/usr/lib/libSystem.tbd

** BUILD SUCCEEDED **



