The system is: Darwin - 18.5.0 - x86_64
Compiling the CXX compiler identification source file "CMakeCXXCompilerId.cpp" succeeded.
Compiler:  
Build flags: 
Id flags:  

The output was:
0
=== BUILD TARGET CompilerIdCXX OF PROJECT CompilerIdCXX WITH THE DEFAULT CONFIGURATION (Debug) ===

Check dependencies

Write auxiliary files
write-file /Users/puugru/Exercism/cpp/reverse-string/CMakeFiles/3.14.1/CompilerIdCXX/CompilerIdCXX.build/Debug/CompilerIdCXX.build/CompilerIdCXX-all-non-framework-target-headers.hmap
write-file /Users/puugru/Exercism/cpp/reverse-string/CMakeFiles/3.14.1/CompilerIdCXX/CompilerIdCXX.build/Debug/CompilerIdCXX.build/CompilerIdCXX-project-headers.hmap
write-file /Users/puugru/Exercism/cpp/reverse-string/CMakeFiles/3.14.1/CompilerIdCXX/CompilerIdCXX.build/Debug/CompilerIdCXX.build/CompilerIdCXX.hmap
write-file /Users/puugru/Exercism/cpp/reverse-string/CMakeFiles/3.14.1/CompilerIdCXX/CompilerIdCXX.build/Debug/CompilerIdCXX.build/CompilerIdCXX-own-target-headers.hmap
/bin/mkdir -p /Users/puugru/Exercism/cpp/reverse-string/CMakeFiles/3.14.1/CompilerIdCXX/CompilerIdCXX.build/Debug/CompilerIdCXX.build/Objects-normal/x86_64
write-file /Users/puugru/Exercism/cpp/reverse-string/CMakeFiles/3.14.1/CompilerIdCXX/CompilerIdCXX.build/Debug/CompilerIdCXX.build/Objects-normal/x86_64/CompilerIdCXX.LinkFileList
write-file /Users/puugru/Exercism/cpp/reverse-string/CMakeFiles/3.14.1/CompilerIdCXX/CompilerIdCXX.build/Debug/CompilerIdCXX.build/CompilerIdCXX-all-target-headers.hmap
write-file /Users/puugru/Exercism/cpp/reverse-string/CMakeFiles/3.14.1/CompilerIdCXX/CompilerIdCXX.build/Debug/CompilerIdCXX.build/CompilerIdCXX-generated-files.hmap
write-file /Users/puugru/Exercism/cpp/reverse-string/CMakeFiles/3.14.1/CompilerIdCXX/CompilerIdCXX.build/Debug/CompilerIdCXX.build/Script-2C8FEB8E15DC1A1A00E56A5D.sh
chmod 0755 /Users/puugru/Exercism/cpp/reverse-string/CMakeFiles/3.14.1/CompilerIdCXX/CompilerIdCXX.build/Debug/CompilerIdCXX.build/Script-2C8FEB8E15DC1A1A00E56A5D.sh

CompileC CompilerIdCXX.build/Debug/CompilerIdCXX.build/Objects-normal/x86_64/CMakeCXXCompilerId.o CMakeCXXCompilerId.cpp normal x86_64 c++ com.apple.compilers.llvm.clang.1_0.compiler
    cd /Users/puugru/Exercism/cpp/reverse-string/CMakeFiles/3.14.1/CompilerIdCXX
    export LANG=en_US.US-ASCII
    /Applications/Xcode.app/Contents/Developer/Toolchains/XcodeDefault.xctoolchain/usr/bin/clang -x c++ -arch x86_64 -fmessage-length=0 -fdiagnostics-show-note-include-stack -fmacro-backtrace-limit=0 -Wno-trigraphs -fpascal-strings -Os -Wno-missing-field-initializers -Wno-missing-prototypes -Wno-return-type -Wno-non-virtual-dtor -Wno-overloaded-virtual -Wno-exit-time-destructors -Wno-missing-braces -Wparentheses -Wswitch -Wno-unused-function -Wno-unused-label -Wno-unused-parameter -Wno-unused-variable -Wunused-value -Wno-empty-body -Wno-uninitialized -Wno-unknown-pragmas -Wno-shadow -Wno-four-char-constants -Wno-conversion -Wno-constant-conversion -Wno-int-conversion -Wno-bool-conversion -Wno-enum-conversion -Wno-shorten-64-to-32 -Wno-newline-eof -Wno-c++11-extensions -isysroot /Applications/Xcode.app/Contents/Developer/Platforms/MacOSX.platform/Developer/SDKs/MacOSX10.12.sdk -fasm-blocks -fstrict-aliasing -Wdeprecated-declarations -Winvalid-offsetof -mmacosx-version-min=10.12 -g -fvisibility=hidden -fvisibility-inlines-hidden -Wno-sign-conversion -Wno-infinite-recursion -Wno-move -I/Users/puugru/Exercism/cpp/reverse-string/CMakeFiles/3.14.1/CompilerIdCXX/CompilerIdCXX.build/Debug/CompilerIdCXX.build/CompilerIdCXX.hmap -I/Users/puugru/Exercism/cpp/reverse-string/CMakeFiles/3.14.1/CompilerIdCXX/include -I/Users/puugru/Exercism/cpp/reverse-string/CMakeFiles/3.14.1/CompilerIdCXX/CompilerIdCXX.build/Debug/CompilerIdCXX.build/DerivedSources/x86_64 -I/Users/puugru/Exercism/cpp/reverse-string/CMakeFiles/3.14.1/CompilerIdCXX/CompilerIdCXX.build/Debug/CompilerIdCXX.build/DerivedSources -F/Users/puugru/Exercism/cpp/reverse-string/CMakeFiles/3.14.1/CompilerIdCXX -MMD -MT dependencies -MF /Users/puugru/Exercism/cpp/reverse-string/CMakeFiles/3.14.1/CompilerIdCXX/CompilerIdCXX.build/Debug/CompilerIdCXX.build/Objects-normal/x86_64/CMakeCXXCompilerId.d --serialize-diagnostics /Users/puugru/Exercism/cpp/reverse-string/CMakeFiles/3.14.1/CompilerIdCXX/CompilerIdCXX.build/Debug/CompilerIdCXX.build/Objects-normal/x86_64/CMakeCXXCompilerId.dia -c /Users/puugru/Exercism/cpp/reverse-string/CMakeFiles/3.14.1/CompilerIdCXX/CMakeCXXCompilerId.cpp -o /Users/puugru/Exercism/cpp/reverse-string/CMakeFiles/3.14.1/CompilerIdCXX/CompilerIdCXX.build/Debug/CompilerIdCXX.build/Objects-normal/x86_64/CMakeCXXCompilerId.o

Ld CompilerIdCXX normal x86_64
    cd /Users/puugru/Exercism/cpp/reverse-string/CMakeFiles/3.14.1/CompilerIdCXX
    export MACOSX_DEPLOYMENT_TARGET=10.12
    /Applications/Xcode.app/Contents/Developer/Toolchains/XcodeDefault.xctoolchain/usr/bin/clang++ -arch x86_64 -isysroot /Applications/Xcode.app/Contents/Developer/Platforms/MacOSX.platform/Developer/SDKs/MacOSX10.12.sdk -L/Users/puugru/Exercism/cpp/reverse-string/CMakeFiles/3.14.1/CompilerIdCXX -F/Users/puugru/Exercism/cpp/reverse-string/CMakeFiles/3.14.1/CompilerIdCXX -filelist /Users/puugru/Exercism/cpp/reverse-string/CMakeFiles/3.14.1/CompilerIdCXX/CompilerIdCXX.build/Debug/CompilerIdCXX.build/Objects-normal/x86_64/CompilerIdCXX.LinkFileList -mmacosx-version-min=10.12 -Xlinker -object_path_lto -Xlinker /Users/puugru/Exercism/cpp/reverse-string/CMakeFiles/3.14.1/CompilerIdCXX/CompilerIdCXX.build/Debug/CompilerIdCXX.build/Objects-normal/x86_64/CompilerIdCXX_lto.o -Xlinker -dependency_info -Xlinker /Users/puugru/Exercism/cpp/reverse-string/CMakeFiles/3.14.1/CompilerIdCXX/CompilerIdCXX.build/Debug/CompilerIdCXX.build/Objects-normal/x86_64/CompilerIdCXX_dependency_info.dat -o /Users/puugru/Exercism/cpp/reverse-string/CMakeFiles/3.14.1/CompilerIdCXX/CompilerIdCXX

PhaseScriptExecution Run\ Script CompilerIdCXX.build/Debug/CompilerIdCXX.build/Script-2C8FEB8E15DC1A1A00E56A5D.sh
    cd /Users/puugru/Exercism/cpp/reverse-string/CMakeFiles/3.14.1/CompilerIdCXX
    /bin/sh -c /Users/puugru/Exercism/cpp/reverse-string/CMakeFiles/3.14.1/CompilerIdCXX/CompilerIdCXX.build/Debug/CompilerIdCXX.build/Script-2C8FEB8E15DC1A1A00E56A5D.sh
GCC_VERSION=com.apple.compilers.llvm.clang.1_0
ARCHS=x86_64

** BUILD SUCCEEDED **



Compilation of the CXX compiler identification source "CMakeCXXCompilerId.cpp" produced "CompilerIdCXX"

The CXX compiler identification is AppleClang, found in "/Users/puugru/Exercism/cpp/reverse-string/CMakeFiles/3.14.1/CompilerIdCXX/CompilerIdCXX"

Determining if the CXX compiler works passed with the following output:
Change Dir: /Users/puugru/Exercism/cpp/reverse-string/CMakeFiles/CMakeTmp

Run Build Command(s):/usr/bin/xcodebuild -project CMAKE_TRY_COMPILE.xcodeproj build -target cmTC_9c3a4 -configuration Debug -hideShellScriptEnvironment 
User defaults from command line:
    HideShellScriptEnvironment = YES

=== BUILD TARGET cmTC_9c3a4 OF PROJECT CMAKE_TRY_COMPILE WITH CONFIGURATION Debug ===

Check dependencies

Write auxiliary files
/bin/mkdir -p /Users/puugru/Exercism/cpp/reverse-string/CMakeFiles/CMakeTmp/CMAKE_TRY_COMPILE.build/Debug/cmTC_9c3a4.build/Objects-normal/x86_64
write-file /Users/puugru/Exercism/cpp/reverse-string/CMakeFiles/CMakeTmp/CMAKE_TRY_COMPILE.build/Debug/cmTC_9c3a4.build/Objects-normal/x86_64/cmTC_9c3a4.LinkFileList

CompileC CMAKE_TRY_COMPILE.build/Debug/cmTC_9c3a4.build/Objects-normal/x86_64/testCXXCompiler.o testCXXCompiler.cxx normal x86_64 c++ com.apple.compilers.llvm.clang.1_0.compiler
    cd /Users/puugru/Exercism/cpp/reverse-string/CMakeFiles/CMakeTmp
    /Applications/Xcode.app/Contents/Developer/Toolchains/XcodeDefault.xctoolchain/usr/bin/clang -x c++ -arch x86_64 -fmessage-length=0 -fdiagnostics-show-note-include-stack -fmacro-backtrace-limit=0 -Wno-trigraphs -fpascal-strings -O0 -Wno-missing-field-initializers -Wno-missing-prototypes -Wno-return-type -Wno-non-virtual-dtor -Wno-overloaded-virtual -Wno-exit-time-destructors -Wno-missing-braces -Wparentheses -Wswitch -Wno-unused-function -Wno-unused-label -Wno-unused-parameter -Wno-unused-variable -Wunused-value -Wno-empty-body -Wno-uninitialized -Wno-unknown-pragmas -Wno-shadow -Wno-four-char-constants -Wno-conversion -Wno-constant-conversion -Wno-int-conversion -Wno-bool-conversion -Wno-enum-conversion -Wno-shorten-64-to-32 -Wno-newline-eof -Wno-c++11-extensions -DCMAKE_INTDIR=\"Debug\" -isysroot /Applications/Xcode.app/Contents/Developer/Platforms/MacOSX.platform/Developer/SDKs/MacOSX10.12.sdk -fasm-blocks -fstrict-aliasing -Wdeprecated-declarations -Winvalid-offsetof -mmacosx-version-min=10.12 -g -Wno-sign-conversion -Wno-infinite-recursion -Wno-move -I/Users/puugru/Exercism/cpp/reverse-string/CMakeFiles/CMakeTmp/Debug/include -I/Users/puugru/Exercism/cpp/reverse-string/CMakeFiles/CMakeTmp/CMAKE_TRY_COMPILE.build/Debug/cmTC_9c3a4.build/DerivedSources/x86_64 -I/Users/puugru/Exercism/cpp/reverse-string/CMakeFiles/CMakeTmp/CMAKE_TRY_COMPILE.build/Debug/cmTC_9c3a4.build/DerivedSources -Wmost -Wno-four-char-constants -Wno-unknown-pragmas -F/Users/puugru/Exercism/cpp/reverse-string/CMakeFiles/CMakeTmp/Debug -MMD -MT dependencies -MF /Users/puugru/Exercism/cpp/reverse-string/CMakeFiles/CMakeTmp/CMAKE_TRY_COMPILE.build/Debug/cmTC_9c3a4.build/Objects-normal/x86_64/testCXXCompiler.d --serialize-diagnostics /Users/puugru/Exercism/cpp/reverse-string/CMakeFiles/CMakeTmp/CMAKE_TRY_COMPILE.build/Debug/cmTC_9c3a4.build/Objects-normal/x86_64/testCXXCompiler.dia -c /Users/puugru/Exercism/cpp/reverse-string/CMakeFiles/CMakeTmp/testCXXCompiler.cxx -o /Users/puugru/Exercism/cpp/reverse-string/CMakeFiles/CMakeTmp/CMAKE_TRY_COMPILE.build/Debug/cmTC_9c3a4.build/Objects-normal/x86_64/testCXXCompiler.o

Ld Debug/cmTC_9c3a4 normal x86_64
    cd /Users/puugru/Exercism/cpp/reverse-string/CMakeFiles/CMakeTmp
    /Applications/Xcode.app/Contents/Developer/Toolchains/XcodeDefault.xctoolchain/usr/bin/clang++ -arch x86_64 -isysroot /Applications/Xcode.app/Contents/Developer/Platforms/MacOSX.platform/Developer/SDKs/MacOSX10.12.sdk -L/Users/puugru/Exercism/cpp/reverse-string/CMakeFiles/CMakeTmp/Debug -F/Users/puugru/Exercism/cpp/reverse-string/CMakeFiles/CMakeTmp/Debug -filelist /Users/puugru/Exercism/cpp/reverse-string/CMakeFiles/CMakeTmp/CMAKE_TRY_COMPILE.build/Debug/cmTC_9c3a4.build/Objects-normal/x86_64/cmTC_9c3a4.LinkFileList -mmacosx-version-min=10.12 -Xlinker -object_path_lto -Xlinker /Users/puugru/Exercism/cpp/reverse-string/CMakeFiles/CMakeTmp/CMAKE_TRY_COMPILE.build/Debug/cmTC_9c3a4.build/Objects-normal/x86_64/cmTC_9c3a4_lto.o -Xlinker -no_deduplicate -Wl,-search_paths_first -Wl,-headerpad_max_install_names -Xlinker -dependency_info -Xlinker /Users/puugru/Exercism/cpp/reverse-string/CMakeFiles/CMakeTmp/CMAKE_TRY_COMPILE.build/Debug/cmTC_9c3a4.build/Objects-normal/x86_64/cmTC_9c3a4_dependency_info.dat -o /Users/puugru/Exercism/cpp/reverse-string/CMakeFiles/CMakeTmp/Debug/cmTC_9c3a4

** BUILD SUCCEEDED **



Detecting CXX compiler ABI info compiled with the following output:
Change Dir: /Users/puugru/Exercism/cpp/reverse-string/CMakeFiles/CMakeTmp

Run Build Command(s):/usr/bin/xcodebuild -project CMAKE_TRY_COMPILE.xcodeproj build -target cmTC_ae7b6 -configuration Debug -hideShellScriptEnvironment 
User defaults from command line:
    HideShellScriptEnvironment = YES

=== BUILD TARGET cmTC_ae7b6 OF PROJECT CMAKE_TRY_COMPILE WITH CONFIGURATION Debug ===

Check dependencies

Write auxiliary files
/bin/mkdir -p /Users/puugru/Exercism/cpp/reverse-string/CMakeFiles/CMakeTmp/CMAKE_TRY_COMPILE.build/Debug/cmTC_ae7b6.build/Objects-normal/x86_64
write-file /Users/puugru/Exercism/cpp/reverse-string/CMakeFiles/CMakeTmp/CMAKE_TRY_COMPILE.build/Debug/cmTC_ae7b6.build/Objects-normal/x86_64/cmTC_ae7b6.LinkFileList

CompileC CMAKE_TRY_COMPILE.build/Debug/cmTC_ae7b6.build/Objects-normal/x86_64/CMakeCXXCompilerABI.o /usr/local/Cellar/cmake/3.14.1/share/cmake/Modules/CMakeCXXCompilerABI.cpp normal x86_64 c++ com.apple.compilers.llvm.clang.1_0.compiler
    cd /Users/puugru/Exercism/cpp/reverse-string/CMakeFiles/CMakeTmp
    /Applications/Xcode.app/Contents/Developer/Toolchains/XcodeDefault.xctoolchain/usr/bin/clang -x c++ -arch x86_64 -fmessage-length=0 -fdiagnostics-show-note-include-stack -fmacro-backtrace-limit=0 -Wno-trigraphs -fpascal-strings -O0 -Wno-missing-field-initializers -Wno-missing-prototypes -Wno-return-type -Wno-non-virtual-dtor -Wno-overloaded-virtual -Wno-exit-time-destructors -Wno-missing-braces -Wparentheses -Wswitch -Wno-unused-function -Wno-unused-label -Wno-unused-parameter -Wno-unused-variable -Wunused-value -Wno-empty-body -Wno-uninitialized -Wno-unknown-pragmas -Wno-shadow -Wno-four-char-constants -Wno-conversion -Wno-constant-conversion -Wno-int-conversion -Wno-bool-conversion -Wno-enum-conversion -Wno-shorten-64-to-32 -Wno-newline-eof -Wno-c++11-extensions -DCMAKE_INTDIR=\"Debug\" -isysroot /Applications/Xcode.app/Contents/Developer/Platforms/MacOSX.platform/Developer/SDKs/MacOSX10.12.sdk -fasm-blocks -fstrict-aliasing -Wdeprecated-declarations -Winvalid-offsetof -mmacosx-version-min=10.12 -g -Wno-sign-conversion -Wno-infinite-recursion -Wno-move -I/Users/puugru/Exercism/cpp/reverse-string/CMakeFiles/CMakeTmp/Debug/include -I/Users/puugru/Exercism/cpp/reverse-string/CMakeFiles/CMakeTmp/CMAKE_TRY_COMPILE.build/Debug/cmTC_ae7b6.build/DerivedSources/x86_64 -I/Users/puugru/Exercism/cpp/reverse-string/CMakeFiles/CMakeTmp/CMAKE_TRY_COMPILE.build/Debug/cmTC_ae7b6.build/DerivedSources -Wmost -Wno-four-char-constants -Wno-unknown-pragmas -F/Users/puugru/Exercism/cpp/reverse-string/CMakeFiles/CMakeTmp/Debug -v -Wl,-v -MMD -MT dependencies -MF /Users/puugru/Exercism/cpp/reverse-string/CMakeFiles/CMakeTmp/CMAKE_TRY_COMPILE.build/Debug/cmTC_ae7b6.build/Objects-normal/x86_64/CMakeCXXCompilerABI.d --serialize-diagnostics /Users/puugru/Exercism/cpp/reverse-string/CMakeFiles/CMakeTmp/CMAKE_TRY_COMPILE.build/Debug/cmTC_ae7b6.build/Objects-normal/x86_64/CMakeCXXCompilerABI.dia -c /usr/local/Cellar/cmake/3.14.1/share/cmake/Modules/CMakeCXXCompilerABI.cpp -o /Users/puugru/Exercism/cpp/reverse-string/CMakeFiles/CMakeTmp/CMAKE_TRY_COMPILE.build/Debug/cmTC_ae7b6.build/Objects-normal/x86_64/CMakeCXXCompilerABI.o
Apple LLVM version 8.0.0 (clang-800.0.38)
Target: x86_64-apple-darwin18.5.0
Thread model: posix
InstalledDir: /Applications/Xcode.app/Contents/Developer/Toolchains/XcodeDefault.xctoolchain/usr/bin
clang: warning: -Wl,-v: 'linker' input unused
 "/Applications/Xcode.app/Contents/Developer/Toolchains/XcodeDefault.xctoolchain/usr/bin/clang" -cc1 -triple x86_64-apple-macosx10.12.0 -Wdeprecated-objc-isa-usage -Werror=deprecated-objc-isa-usage -emit-obj -mrelax-all -disable-free -disable-llvm-verifier -discard-value-names -main-file-name CMakeCXXCompilerABI.cpp -mrelocation-model pic -pic-level 2 -mthread-model posix -mdisable-fp-elim -masm-verbose -munwind-tables -target-cpu penryn -target-linker-version 274.1 -v -dwarf-column-info -debug-info-kind=standalone -dwarf-version=2 -debugger-tuning=lldb -coverage-file /Users/puugru/Exercism/cpp/reverse-string/CMakeFiles/CMakeTmp/CMAKE_TRY_COMPILE.build/Debug/cmTC_ae7b6.build/Objects-normal/x86_64/CMakeCXXCompilerABI.o -resource-dir /Applications/Xcode.app/Contents/Developer/Toolchains/XcodeDefault.xctoolchain/usr/bin/../lib/clang/8.0.0 -dependency-file /Users/puugru/Exercism/cpp/reverse-string/CMakeFiles/CMakeTmp/CMAKE_TRY_COMPILE.build/Debug/cmTC_ae7b6.build/Objects-normal/x86_64/CMakeCXXCompilerABI.d -MT dependencies -isysroot /Applications/Xcode.app/Contents/Developer/Platforms/MacOSX.platform/Developer/SDKs/MacOSX10.12.sdk -D "CMAKE_INTDIR=\"Debug\"" -I /Users/puugru/Exercism/cpp/reverse-string/CMakeFiles/CMakeTmp/Debug/include -I /Users/puugru/Exercism/cpp/reverse-string/CMakeFiles/CMakeTmp/CMAKE_TRY_COMPILE.build/Debug/cmTC_ae7b6.build/DerivedSources/x86_64 -I /Users/puugru/Exercism/cpp/reverse-string/CMakeFiles/CMakeTmp/CMAKE_TRY_COMPILE.build/Debug/cmTC_ae7b6.build/DerivedSources -F/Users/puugru/Exercism/cpp/reverse-string/CMakeFiles/CMakeTmp/Debug -stdlib=libc++ -O0 -Wno-trigraphs -Wno-missing-field-initializers -Wno-missing-prototypes -Wno-return-type -Wno-non-virtual-dtor -Wno-overloaded-virtual -Wno-exit-time-destructors -Wno-missing-braces -Wparentheses -Wswitch -Wno-unused-function -Wno-unused-label -Wno-unused-parameter -Wno-unused-variable -Wunused-value -Wno-empty-body -Wno-uninitialized -Wno-unknown-pragmas -Wno-shadow -Wno-four-char-constants -Wno-conversion -Wno-constant-conversion -Wno-int-conversion -Wno-bool-conversion -Wno-enum-conversion -Wno-shorten-64-to-32 -Wno-newline-eof -Wno-c++11-extensions -Wdeprecated-declarations -Winvalid-offsetof -Wno-sign-conversion -Wno-infinite-recursion -Wno-move -Wmost -Wno-four-char-constants -Wno-unknown-pragmas -fdeprecated-macro -fdebug-compilation-dir /Users/puugru/Exercism/cpp/reverse-string/CMakeFiles/CMakeTmp -ferror-limit 19 -fmacro-backtrace-limit 0 -fmessage-length 0 -stack-protector 1 -fblocks -fobjc-runtime=macosx-10.12.0 -fencode-extended-block-signature -fcxx-exceptions -fexceptions -fpascal-strings -fmax-type-align=16 -fdiagnostics-show-option -fdiagnostics-show-note-include-stack -fasm-blocks -serialize-diagnostic-file /Users/puugru/Exercism/cpp/reverse-string/CMakeFiles/CMakeTmp/CMAKE_TRY_COMPILE.build/Debug/cmTC_ae7b6.build/Objects-normal/x86_64/CMakeCXXCompilerABI.dia -o /Users/puugru/Exercism/cpp/reverse-string/CMakeFiles/CMakeTmp/CMAKE_TRY_COMPILE.build/Debug/cmTC_ae7b6.build/Objects-normal/x86_64/CMakeCXXCompilerABI.o -x c++ /usr/local/Cellar/cmake/3.14.1/share/cmake/Modules/CMakeCXXCompilerABI.cpp
clang -cc1 version 8.0.0 (clang-800.0.38) default target x86_64-apple-darwin18.5.0
ignoring nonexistent directory "/Users/puugru/Exercism/cpp/reverse-string/CMakeFiles/CMakeTmp/Debug/include"
ignoring nonexistent directory "/Users/puugru/Exercism/cpp/reverse-string/CMakeFiles/CMakeTmp/CMAKE_TRY_COMPILE.build/Debug/cmTC_ae7b6.build/DerivedSources/x86_64"
ignoring nonexistent directory "/Users/puugru/Exercism/cpp/reverse-string/CMakeFiles/CMakeTmp/CMAKE_TRY_COMPILE.build/Debug/cmTC_ae7b6.build/DerivedSources"
ignoring nonexistent directory "/Users/puugru/Exercism/cpp/reverse-string/CMakeFiles/CMakeTmp/Debug"
ignoring nonexistent directory "/Applications/Xcode.app/Contents/Developer/Platforms/MacOSX.platform/Developer/SDKs/MacOSX10.12.sdk/usr/include/c++/v1"
ignoring nonexistent directory "/Applications/Xcode.app/Contents/Developer/Platforms/MacOSX.platform/Developer/SDKs/MacOSX10.12.sdk/usr/local/include"
ignoring nonexistent directory "/Applications/Xcode.app/Contents/Developer/Platforms/MacOSX.platform/Developer/SDKs/MacOSX10.12.sdk/Library/Frameworks"
#include "..." search starts here:
#include <...> search starts here:
 /Applications/Xcode.app/Contents/Developer/Toolchains/XcodeDefault.xctoolchain/usr/bin/../include/c++/v1
 /Applications/Xcode.app/Contents/Developer/Toolchains/XcodeDefault.xctoolchain/usr/bin/../lib/clang/8.0.0/include
 /Applications/Xcode.app/Contents/Developer/Toolchains/XcodeDefault.xctoolchain/usr/include
 /Applications/Xcode.app/Contents/Developer/Platforms/MacOSX.platform/Developer/SDKs/MacOSX10.12.sdk/usr/include
 /Applications/Xcode.app/Contents/Developer/Platforms/MacOSX.platform/Developer/SDKs/MacOSX10.12.sdk/System/Library/Frameworks (framework directory)
End of search list.

Ld Debug/cmTC_ae7b6 normal x86_64
    cd /Users/puugru/Exercism/cpp/reverse-string/CMakeFiles/CMakeTmp
    /Applications/Xcode.app/Contents/Developer/Toolchains/XcodeDefault.xctoolchain/usr/bin/clang++ -arch x86_64 -isysroot /Applications/Xcode.app/Contents/Developer/Platforms/MacOSX.platform/Developer/SDKs/MacOSX10.12.sdk -L/Users/puugru/Exercism/cpp/reverse-string/CMakeFiles/CMakeTmp/Debug -F/Users/puugru/Exercism/cpp/reverse-string/CMakeFiles/CMakeTmp/Debug -filelist /Users/puugru/Exercism/cpp/reverse-string/CMakeFiles/CMakeTmp/CMAKE_TRY_COMPILE.build/Debug/cmTC_ae7b6.build/Objects-normal/x86_64/cmTC_ae7b6.LinkFileList -mmacosx-version-min=10.12 -Xlinker -object_path_lto -Xlinker /Users/puugru/Exercism/cpp/reverse-string/CMakeFiles/CMakeTmp/CMAKE_TRY_COMPILE.build/Debug/cmTC_ae7b6.build/Objects-normal/x86_64/cmTC_ae7b6_lto.o -Xlinker -no_deduplicate -v -Wl,-v -Wl,-search_paths_first -Wl,-headerpad_max_install_names -Xlinker -dependency_info -Xlinker /Users/puugru/Exercism/cpp/reverse-string/CMakeFiles/CMakeTmp/CMAKE_TRY_COMPILE.build/Debug/cmTC_ae7b6.build/Objects-normal/x86_64/cmTC_ae7b6_dependency_info.dat -o /Users/puugru/Exercism/cpp/reverse-string/CMakeFiles/CMakeTmp/Debug/cmTC_ae7b6
Apple LLVM version 8.0.0 (clang-800.0.38)
Target: x86_64-apple-darwin18.5.0
Thread model: posix
InstalledDir: /Applications/Xcode.app/Contents/Developer/Toolchains/XcodeDefault.xctoolchain/usr/bin
 "/Applications/Xcode.app/Contents/Developer/Toolchains/XcodeDefault.xctoolchain/usr/bin/ld" -demangle -dynamic -arch x86_64 -macosx_version_min 10.12.0 -syslibroot /Applications/Xcode.app/Contents/Developer/Platforms/MacOSX.platform/Developer/SDKs/MacOSX10.12.sdk -o /Users/puugru/Exercism/cpp/reverse-string/CMakeFiles/CMakeTmp/Debug/cmTC_ae7b6 -L/Users/puugru/Exercism/cpp/reverse-string/CMakeFiles/CMakeTmp/Debug -filelist /Users/puugru/Exercism/cpp/reverse-string/CMakeFiles/CMakeTmp/CMAKE_TRY_COMPILE.build/Debug/cmTC_ae7b6.build/Objects-normal/x86_64/cmTC_ae7b6.LinkFileList -object_path_lto /Users/puugru/Exercism/cpp/reverse-string/CMakeFiles/CMakeTmp/CMAKE_TRY_COMPILE.build/Debug/cmTC_ae7b6.build/Objects-normal/x86_64/cmTC_ae7b6_lto.o -no_deduplicate -v -search_paths_first -headerpad_max_install_names -dependency_info /Users/puugru/Exercism/cpp/reverse-string/CMakeFiles/CMakeTmp/CMAKE_TRY_COMPILE.build/Debug/cmTC_ae7b6.build/Objects-normal/x86_64/cmTC_ae7b6_dependency_info.dat -lc++ -lSystem /Applications/Xcode.app/Contents/Developer/Toolchains/XcodeDefault.xctoolchain/usr/bin/../lib/clang/8.0.0/lib/darwin/libclang_rt.osx.a -F/Users/puugru/Exercism/cpp/reverse-string/CMakeFiles/CMakeTmp/Debug
@(#)PROGRAM:ld  PROJECT:ld64-274.1
configured to support archs: armv6 armv7 armv7s arm64 i386 x86_64 x86_64h armv6m armv7k armv7m armv7em (tvOS)
Library search paths:
	/Users/puugru/Exercism/cpp/reverse-string/CMakeFiles/CMakeTmp/Debug
	/Applications/Xcode.app/Contents/Developer/Platforms/MacOSX.platform/Developer/SDKs/MacOSX10.12.sdk/usr/lib
Framework search paths:
	/Users/puugru/Exercism/cpp/reverse-string/CMakeFiles/CMakeTmp/Debug
	/Applications/Xcode.app/Contents/Developer/Platforms/MacOSX.platform/Developer/SDKs/MacOSX10.12.sdk/System/Library/Frameworks/

** BUILD SUCCEEDED **



Parsed CXX implicit include dir info from above output: rv=done
  found start of include info
  found start of implicit include info
    add: [/Applications/Xcode.app/Contents/Developer/Toolchains/XcodeDefault.xctoolchain/usr/bin/../include/c++/v1]
    add: [/Applications/Xcode.app/Contents/Developer/Toolchains/XcodeDefault.xctoolchain/usr/bin/../lib/clang/8.0.0/include]
    add: [/Applications/Xcode.app/Contents/Developer/Toolchains/XcodeDefault.xctoolchain/usr/include]
    add: [/Applications/Xcode.app/Contents/Developer/Platforms/MacOSX.platform/Developer/SDKs/MacOSX10.12.sdk/usr/include]
  end of search list found
  collapse include dir [/Applications/Xcode.app/Contents/Developer/Toolchains/XcodeDefault.xctoolchain/usr/bin/../include/c++/v1] ==> [/Applications/Xcode.app/Contents/Developer/Toolchains/XcodeDefault.xctoolchain/usr/include/c++/v1]
  collapse include dir [/Applications/Xcode.app/Contents/Developer/Toolchains/XcodeDefault.xctoolchain/usr/bin/../lib/clang/8.0.0/include] ==> [/Applications/Xcode.app/Contents/Developer/Toolchains/XcodeDefault.xctoolchain/usr/lib/clang/8.0.0/include]
  collapse include dir [/Applications/Xcode.app/Contents/Developer/Toolchains/XcodeDefault.xctoolchain/usr/include] ==> [/Applications/Xcode.app/Contents/Developer/Toolchains/XcodeDefault.xctoolchain/usr/include]
  collapse include dir [/Applications/Xcode.app/Contents/Developer/Platforms/MacOSX.platform/Developer/SDKs/MacOSX10.12.sdk/usr/include] ==> [/Applications/Xcode.app/Contents/Developer/Platforms/MacOSX.platform/Developer/SDKs/MacOSX10.12.sdk/usr/include]
  implicit include dirs: [/Applications/Xcode.app/Contents/Developer/Toolchains/XcodeDefault.xctoolchain/usr/include/c++/v1;/Applications/Xcode.app/Contents/Developer/Toolchains/XcodeDefault.xctoolchain/usr/lib/clang/8.0.0/include;/Applications/Xcode.app/Contents/Developer/Toolchains/XcodeDefault.xctoolchain/usr/include;/Applications/Xcode.app/Contents/Developer/Platforms/MacOSX.platform/Developer/SDKs/MacOSX10.12.sdk/usr/include]


Parsed CXX implicit link information from above output:
  link line regex: [^( *|.*[/\])(ld|CMAKE_LINK_STARTFILE-NOTFOUND|([^/\]+-)?ld|collect2)[^/\]*( |$)]
  ignore line: [Change Dir: /Users/puugru/Exercism/cpp/reverse-string/CMakeFiles/CMakeTmp]
  ignore line: []
  ignore line: [Run Build Command(s):/usr/bin/xcodebuild -project CMAKE_TRY_COMPILE.xcodeproj build -target cmTC_ae7b6 -configuration Debug -hideShellScriptEnvironment ]
  ignore line: [User defaults from command line:]
  ignore line: [    HideShellScriptEnvironment = YES]
  ignore line: []
  ignore line: [=== BUILD TARGET cmTC_ae7b6 OF PROJECT CMAKE_TRY_COMPILE WITH CONFIGURATION Debug ===]
  ignore line: []
  ignore line: [Check dependencies]
  ignore line: []
  ignore line: [Write auxiliary files]
  ignore line: [/bin/mkdir -p /Users/puugru/Exercism/cpp/reverse-string/CMakeFiles/CMakeTmp/CMAKE_TRY_COMPILE.build/Debug/cmTC_ae7b6.build/Objects-normal/x86_64]
  ignore line: [write-file /Users/puugru/Exercism/cpp/reverse-string/CMakeFiles/CMakeTmp/CMAKE_TRY_COMPILE.build/Debug/cmTC_ae7b6.build/Objects-normal/x86_64/cmTC_ae7b6.LinkFileList]
  ignore line: []
  ignore line: [CompileC CMAKE_TRY_COMPILE.build/Debug/cmTC_ae7b6.build/Objects-normal/x86_64/CMakeCXXCompilerABI.o /usr/local/Cellar/cmake/3.14.1/share/cmake/Modules/CMakeCXXCompilerABI.cpp normal x86_64 c++ com.apple.compilers.llvm.clang.1_0.compiler]
  ignore line: [    cd /Users/puugru/Exercism/cpp/reverse-string/CMakeFiles/CMakeTmp]
  ignore line: [    /Applications/Xcode.app/Contents/Developer/Toolchains/XcodeDefault.xctoolchain/usr/bin/clang -x c++ -arch x86_64 -fmessage-length=0 -fdiagnostics-show-note-include-stack -fmacro-backtrace-limit=0 -Wno-trigraphs -fpascal-strings -O0 -Wno-missing-field-initializers -Wno-missing-prototypes -Wno-return-type -Wno-non-virtual-dtor -Wno-overloaded-virtual -Wno-exit-time-destructors -Wno-missing-braces -Wparentheses -Wswitch -Wno-unused-function -Wno-unused-label -Wno-unused-parameter -Wno-unused-variable -Wunused-value -Wno-empty-body -Wno-uninitialized -Wno-unknown-pragmas -Wno-shadow -Wno-four-char-constants -Wno-conversion -Wno-constant-conversion -Wno-int-conversion -Wno-bool-conversion -Wno-enum-conversion -Wno-shorten-64-to-32 -Wno-newline-eof -Wno-c++11-extensions -DCMAKE_INTDIR=\"Debug\" -isysroot /Applications/Xcode.app/Contents/Developer/Platforms/MacOSX.platform/Developer/SDKs/MacOSX10.12.sdk -fasm-blocks -fstrict-aliasing -Wdeprecated-declarations -Winvalid-offsetof -mmacosx-version-min=10.12 -g -Wno-sign-conversion -Wno-infinite-recursion -Wno-move -I/Users/puugru/Exercism/cpp/reverse-string/CMakeFiles/CMakeTmp/Debug/include -I/Users/puugru/Exercism/cpp/reverse-string/CMakeFiles/CMakeTmp/CMAKE_TRY_COMPILE.build/Debug/cmTC_ae7b6.build/DerivedSources/x86_64 -I/Users/puugru/Exercism/cpp/reverse-string/CMakeFiles/CMakeTmp/CMAKE_TRY_COMPILE.build/Debug/cmTC_ae7b6.build/DerivedSources -Wmost -Wno-four-char-constants -Wno-unknown-pragmas -F/Users/puugru/Exercism/cpp/reverse-string/CMakeFiles/CMakeTmp/Debug -v -Wl,-v -MMD -MT dependencies -MF /Users/puugru/Exercism/cpp/reverse-string/CMakeFiles/CMakeTmp/CMAKE_TRY_COMPILE.build/Debug/cmTC_ae7b6.build/Objects-normal/x86_64/CMakeCXXCompilerABI.d --serialize-diagnostics /Users/puugru/Exercism/cpp/reverse-string/CMakeFiles/CMakeTmp/CMAKE_TRY_COMPILE.build/Debug/cmTC_ae7b6.build/Objects-normal/x86_64/CMakeCXXCompilerABI.dia -c /usr/local/Cellar/cmake/3.14.1/share/cmake/Modules/CMakeCXXCompilerABI.cpp -o /Users/puugru/Exercism/cpp/reverse-string/CMakeFiles/CMakeTmp/CMAKE_TRY_COMPILE.build/Debug/cmTC_ae7b6.build/Objects-normal/x86_64/CMakeCXXCompilerABI.o]
  ignore line: [Apple LLVM version 8.0.0 (clang-800.0.38)]
  ignore line: [Target: x86_64-apple-darwin18.5.0]
  ignore line: [Thread model: posix]
  ignore line: [InstalledDir: /Applications/Xcode.app/Contents/Developer/Toolchains/XcodeDefault.xctoolchain/usr/bin]
  ignore line: [clang: warning: -Wl,-v: 'linker' input unused]
  ignore line: [ "/Applications/Xcode.app/Contents/Developer/Toolchains/XcodeDefault.xctoolchain/usr/bin/clang" -cc1 -triple x86_64-apple-macosx10.12.0 -Wdeprecated-objc-isa-usage -Werror=deprecated-objc-isa-usage -emit-obj -mrelax-all -disable-free -disable-llvm-verifier -discard-value-names -main-file-name CMakeCXXCompilerABI.cpp -mrelocation-model pic -pic-level 2 -mthread-model posix -mdisable-fp-elim -masm-verbose -munwind-tables -target-cpu penryn -target-linker-version 274.1 -v -dwarf-column-info -debug-info-kind=standalone -dwarf-version=2 -debugger-tuning=lldb -coverage-file /Users/puugru/Exercism/cpp/reverse-string/CMakeFiles/CMakeTmp/CMAKE_TRY_COMPILE.build/Debug/cmTC_ae7b6.build/Objects-normal/x86_64/CMakeCXXCompilerABI.o -resource-dir /Applications/Xcode.app/Contents/Developer/Toolchains/XcodeDefault.xctoolchain/usr/bin/../lib/clang/8.0.0 -dependency-file /Users/puugru/Exercism/cpp/reverse-string/CMakeFiles/CMakeTmp/CMAKE_TRY_COMPILE.build/Debug/cmTC_ae7b6.build/Objects-normal/x86_64/CMakeCXXCompilerABI.d -MT dependencies -isysroot /Applications/Xcode.app/Contents/Developer/Platforms/MacOSX.platform/Developer/SDKs/MacOSX10.12.sdk -D "CMAKE_INTDIR=\"Debug\"" -I /Users/puugru/Exercism/cpp/reverse-string/CMakeFiles/CMakeTmp/Debug/include -I /Users/puugru/Exercism/cpp/reverse-string/CMakeFiles/CMakeTmp/CMAKE_TRY_COMPILE.build/Debug/cmTC_ae7b6.build/DerivedSources/x86_64 -I /Users/puugru/Exercism/cpp/reverse-string/CMakeFiles/CMakeTmp/CMAKE_TRY_COMPILE.build/Debug/cmTC_ae7b6.build/DerivedSources -F/Users/puugru/Exercism/cpp/reverse-string/CMakeFiles/CMakeTmp/Debug -stdlib=libc++ -O0 -Wno-trigraphs -Wno-missing-field-initializers -Wno-missing-prototypes -Wno-return-type -Wno-non-virtual-dtor -Wno-overloaded-virtual -Wno-exit-time-destructors -Wno-missing-braces -Wparentheses -Wswitch -Wno-unused-function -Wno-unused-label -Wno-unused-parameter -Wno-unused-variable -Wunused-value -Wno-empty-body -Wno-uninitialized -Wno-unknown-pragmas -Wno-shadow -Wno-four-char-constants -Wno-conversion -Wno-constant-conversion -Wno-int-conversion -Wno-bool-conversion -Wno-enum-conversion -Wno-shorten-64-to-32 -Wno-newline-eof -Wno-c++11-extensions -Wdeprecated-declarations -Winvalid-offsetof -Wno-sign-conversion -Wno-infinite-recursion -Wno-move -Wmost -Wno-four-char-constants -Wno-unknown-pragmas -fdeprecated-macro -fdebug-compilation-dir /Users/puugru/Exercism/cpp/reverse-string/CMakeFiles/CMakeTmp -ferror-limit 19 -fmacro-backtrace-limit 0 -fmessage-length 0 -stack-protector 1 -fblocks -fobjc-runtime=macosx-10.12.0 -fencode-extended-block-signature -fcxx-exceptions -fexceptions -fpascal-strings -fmax-type-align=16 -fdiagnostics-show-option -fdiagnostics-show-note-include-stack -fasm-blocks -serialize-diagnostic-file /Users/puugru/Exercism/cpp/reverse-string/CMakeFiles/CMakeTmp/CMAKE_TRY_COMPILE.build/Debug/cmTC_ae7b6.build/Objects-normal/x86_64/CMakeCXXCompilerABI.dia -o /Users/puugru/Exercism/cpp/reverse-string/CMakeFiles/CMakeTmp/CMAKE_TRY_COMPILE.build/Debug/cmTC_ae7b6.build/Objects-normal/x86_64/CMakeCXXCompilerABI.o -x c++ /usr/local/Cellar/cmake/3.14.1/share/cmake/Modules/CMakeCXXCompilerABI.cpp]
  ignore line: [clang -cc1 version 8.0.0 (clang-800.0.38) default target x86_64-apple-darwin18.5.0]
  ignore line: [ignoring nonexistent directory "/Users/puugru/Exercism/cpp/reverse-string/CMakeFiles/CMakeTmp/Debug/include"]
  ignore line: [ignoring nonexistent directory "/Users/puugru/Exercism/cpp/reverse-string/CMakeFiles/CMakeTmp/CMAKE_TRY_COMPILE.build/Debug/cmTC_ae7b6.build/DerivedSources/x86_64"]
  ignore line: [ignoring nonexistent directory "/Users/puugru/Exercism/cpp/reverse-string/CMakeFiles/CMakeTmp/CMAKE_TRY_COMPILE.build/Debug/cmTC_ae7b6.build/DerivedSources"]
  ignore line: [ignoring nonexistent directory "/Users/puugru/Exercism/cpp/reverse-string/CMakeFiles/CMakeTmp/Debug"]
  ignore line: [ignoring nonexistent directory "/Applications/Xcode.app/Contents/Developer/Platforms/MacOSX.platform/Developer/SDKs/MacOSX10.12.sdk/usr/include/c++/v1"]
  ignore line: [ignoring nonexistent directory "/Applications/Xcode.app/Contents/Developer/Platforms/MacOSX.platform/Developer/SDKs/MacOSX10.12.sdk/usr/local/include"]
  ignore line: [ignoring nonexistent directory "/Applications/Xcode.app/Contents/Developer/Platforms/MacOSX.platform/Developer/SDKs/MacOSX10.12.sdk/Library/Frameworks"]
  ignore line: [#include "..." search starts here:]
  ignore line: [#include <...> search starts here:]
  ignore line: [ /Applications/Xcode.app/Contents/Developer/Toolchains/XcodeDefault.xctoolchain/usr/bin/../include/c++/v1]
  ignore line: [ /Applications/Xcode.app/Contents/Developer/Toolchains/XcodeDefault.xctoolchain/usr/bin/../lib/clang/8.0.0/include]
  ignore line: [ /Applications/Xcode.app/Contents/Developer/Toolchains/XcodeDefault.xctoolchain/usr/include]
  ignore line: [ /Applications/Xcode.app/Contents/Developer/Platforms/MacOSX.platform/Developer/SDKs/MacOSX10.12.sdk/usr/include]
  ignore line: [ /Applications/Xcode.app/Contents/Developer/Platforms/MacOSX.platform/Developer/SDKs/MacOSX10.12.sdk/System/Library/Frameworks (framework directory)]
  ignore line: [End of search list.]
  ignore line: []
  ignore line: [Ld Debug/cmTC_ae7b6 normal x86_64]
  ignore line: [    cd /Users/puugru/Exercism/cpp/reverse-string/CMakeFiles/CMakeTmp]
  ignore line: [    /Applications/Xcode.app/Contents/Developer/Toolchains/XcodeDefault.xctoolchain/usr/bin/clang++ -arch x86_64 -isysroot /Applications/Xcode.app/Contents/Developer/Platforms/MacOSX.platform/Developer/SDKs/MacOSX10.12.sdk -L/Users/puugru/Exercism/cpp/reverse-string/CMakeFiles/CMakeTmp/Debug -F/Users/puugru/Exercism/cpp/reverse-string/CMakeFiles/CMakeTmp/Debug -filelist /Users/puugru/Exercism/cpp/reverse-string/CMakeFiles/CMakeTmp/CMAKE_TRY_COMPILE.build/Debug/cmTC_ae7b6.build/Objects-normal/x86_64/cmTC_ae7b6.LinkFileList -mmacosx-version-min=10.12 -Xlinker -object_path_lto -Xlinker /Users/puugru/Exercism/cpp/reverse-string/CMakeFiles/CMakeTmp/CMAKE_TRY_COMPILE.build/Debug/cmTC_ae7b6.build/Objects-normal/x86_64/cmTC_ae7b6_lto.o -Xlinker -no_deduplicate -v -Wl,-v -Wl,-search_paths_first -Wl,-headerpad_max_install_names -Xlinker -dependency_info -Xlinker /Users/puugru/Exercism/cpp/reverse-string/CMakeFiles/CMakeTmp/CMAKE_TRY_COMPILE.build/Debug/cmTC_ae7b6.build/Objects-normal/x86_64/cmTC_ae7b6_dependency_info.dat -o /Users/puugru/Exercism/cpp/reverse-string/CMakeFiles/CMakeTmp/Debug/cmTC_ae7b6]
  ignore line: [Apple LLVM version 8.0.0 (clang-800.0.38)]
  ignore line: [Target: x86_64-apple-darwin18.5.0]
  ignore line: [Thread model: posix]
  ignore line: [InstalledDir: /Applications/Xcode.app/Contents/Developer/Toolchains/XcodeDefault.xctoolchain/usr/bin]
  reduced line: [ "/Applications/Xcode.app/Contents/Developer/Toolchains/XcodeDefault.xctoolchain/usr/bin/ld" -demangle -dynamic -arch x86_64 -macosx_version_min 10.12.0 -syslibroot /Applications/Xcode.app/Contents/Developer/Platforms/MacOSX.platform/Developer/SDKs/MacOSX10.12.sdk -o /Users/puugru/Exercism/cpp/reverse-string/CMakeFiles/CMakeTmp/Debug/cmTC_ae7b6 -L/Users/puugru/Exercism/cpp/reverse-string/CMakeFiles/CMakeTmp/Debug -filelist /Users/puugru/Exercism/cpp/reverse-string/CMakeFiles/CMakeTmp/CMAKE_TRY_COMPILE.build/Debug/cmTC_ae7b6.build/Objects-normal/x86_64/cmTC_ae7b6.LinkFileList -object_path_lto /Users/puugru/Exercism/cpp/reverse-string/CMakeFiles/CMakeTmp/CMAKE_TRY_COMPILE.build/Debug/cmTC_ae7b6.build/Objects-normal/x86_64/cmTC_ae7b6_lto.o -no_deduplicate -v -search_paths_first -headerpad_max_install_names -dependency_info /Users/puugru/Exercism/cpp/reverse-string/CMakeFiles/CMakeTmp/CMAKE_TRY_COMPILE.build/Debug/cmTC_ae7b6.build/Objects-normal/x86_64/cmTC_ae7b6_dependency_info.dat -lc++ -lSystem /Applications/Xcode.app/Contents/Developer/Toolchains/XcodeDefault.xctoolchain/usr/bin/../lib/clang/8.0.0/lib/darwin/libclang_rt.osx.a -F/Users/puugru/Exercism/cpp/reverse-string/CMakeFiles/CMakeTmp/Debug]
            to: [ "/Applications/Xcode.app/Contents/Developer/Toolchains/XcodeDefault.xctoolchain/usr/bin/ld" -demangle -dynamic -arch x86_64 -macosx_version_min 10.12.0 -syslibroot /Applications/Xcode.app/Contents/Developer/Platforms/MacOSX.platform/Developer/SDKs/MacOSX10.12.sdk -o /Users/puugru/Exercism/cpp/reverse-string/CMakeFiles/CMakeTmp/Debug/cmTC_ae7b6 -filelist /Users/puugru/Exercism/cpp/reverse-string/CMakeFiles/CMakeTmp/CMAKE_TRY_COMPILE.build/Debug/cmTC_ae7b6.build/Objects-normal/x86_64/cmTC_ae7b6.LinkFileList -object_path_lto /Users/puugru/Exercism/cpp/reverse-string/CMakeFiles/CMakeTmp/CMAKE_TRY_COMPILE.build/Debug/cmTC_ae7b6.build/Objects-normal/x86_64/cmTC_ae7b6_lto.o -no_deduplicate -v -search_paths_first -headerpad_max_install_names -dependency_info /Users/puugru/Exercism/cpp/reverse-string/CMakeFiles/CMakeTmp/CMAKE_TRY_COMPILE.build/Debug/cmTC_ae7b6.build/Objects-normal/x86_64/cmTC_ae7b6_dependency_info.dat -lc++ -lSystem /Applications/Xcode.app/Contents/Developer/Toolchains/XcodeDefault.xctoolchain/usr/bin/../lib/clang/8.0.0/lib/darwin/libclang_rt.osx.a ]
  link line: [ "/Applications/Xcode.app/Contents/Developer/Toolchains/XcodeDefault.xctoolchain/usr/bin/ld" -demangle -dynamic -arch x86_64 -macosx_version_min 10.12.0 -syslibroot /Applications/Xcode.app/Contents/Developer/Platforms/MacOSX.platform/Developer/SDKs/MacOSX10.12.sdk -o /Users/puugru/Exercism/cpp/reverse-string/CMakeFiles/CMakeTmp/Debug/cmTC_ae7b6 -filelist /Users/puugru/Exercism/cpp/reverse-string/CMakeFiles/CMakeTmp/CMAKE_TRY_COMPILE.build/Debug/cmTC_ae7b6.build/Objects-normal/x86_64/cmTC_ae7b6.LinkFileList -object_path_lto /Users/puugru/Exercism/cpp/reverse-string/CMakeFiles/CMakeTmp/CMAKE_TRY_COMPILE.build/Debug/cmTC_ae7b6.build/Objects-normal/x86_64/cmTC_ae7b6_lto.o -no_deduplicate -v -search_paths_first -headerpad_max_install_names -dependency_info /Users/puugru/Exercism/cpp/reverse-string/CMakeFiles/CMakeTmp/CMAKE_TRY_COMPILE.build/Debug/cmTC_ae7b6.build/Objects-normal/x86_64/cmTC_ae7b6_dependency_info.dat -lc++ -lSystem /Applications/Xcode.app/Contents/Developer/Toolchains/XcodeDefault.xctoolchain/usr/bin/../lib/clang/8.0.0/lib/darwin/libclang_rt.osx.a ]
    arg [/Applications/Xcode.app/Contents/Developer/Toolchains/XcodeDefault.xctoolchain/usr/bin/ld] ==> ignore
    arg [-demangle] ==> ignore
    arg [-dynamic] ==> ignore
    arg [-arch] ==> ignore
    arg [x86_64] ==> ignore
    arg [-macosx_version_min] ==> ignore
    arg [10.12.0] ==> ignore
    arg [-syslibroot] ==> ignore
    arg [/Applications/Xcode.app/Contents/Developer/Platforms/MacOSX.platform/Developer/SDKs/MacOSX10.12.sdk] ==> ignore
    arg [-o] ==> ignore
    arg [/Users/puugru/Exercism/cpp/reverse-string/CMakeFiles/CMakeTmp/Debug/cmTC_ae7b6] ==> ignore
    arg [-filelist] ==> ignore
    arg [/Users/puugru/Exercism/cpp/reverse-string/CMakeFiles/CMakeTmp/CMAKE_TRY_COMPILE.build/Debug/cmTC_ae7b6.build/Objects-normal/x86_64/cmTC_ae7b6.LinkFileList] ==> ignore
    arg [-object_path_lto] ==> ignore
    arg [/Users/puugru/Exercism/cpp/reverse-string/CMakeFiles/CMakeTmp/CMAKE_TRY_COMPILE.build/Debug/cmTC_ae7b6.build/Objects-normal/x86_64/cmTC_ae7b6_lto.o] ==> ignore
    arg [-no_deduplicate] ==> ignore
    arg [-v] ==> ignore
    arg [-search_paths_first] ==> ignore
    arg [-headerpad_max_install_names] ==> ignore
    arg [-dependency_info] ==> ignore
    arg [/Users/puugru/Exercism/cpp/reverse-string/CMakeFiles/CMakeTmp/CMAKE_TRY_COMPILE.build/Debug/cmTC_ae7b6.build/Objects-normal/x86_64/cmTC_ae7b6_dependency_info.dat] ==> ignore
    arg [-lc++] ==> lib [c++]
    arg [-lSystem] ==> lib [System]
    arg [/Applications/Xcode.app/Contents/Developer/Toolchains/XcodeDefault.xctoolchain/usr/bin/../lib/clang/8.0.0/lib/darwin/libclang_rt.osx.a] ==> lib [/Applications/Xcode.app/Contents/Developer/Toolchains/XcodeDefault.xctoolchain/usr/bin/../lib/clang/8.0.0/lib/darwin/libclang_rt.osx.a]
  Library search paths: [;/Users/puugru/Exercism/cpp/reverse-string/CMakeFiles/CMakeTmp/Debug;/Applications/Xcode.app/Contents/Developer/Platforms/MacOSX.platform/Developer/SDKs/MacOSX10.12.sdk/usr/lib]
  Framework search paths: [;/Users/puugru/Exercism/cpp/reverse-string/CMakeFiles/CMakeTmp/Debug;/Applications/Xcode.app/Contents/Developer/Platforms/MacOSX.platform/Developer/SDKs/MacOSX10.12.sdk/System/Library/Frameworks/]
  remove lib [System]
  remove lib [/Applications/Xcode.app/Contents/Developer/Toolchains/XcodeDefault.xctoolchain/usr/bin/../lib/clang/8.0.0/lib/darwin/libclang_rt.osx.a]
  collapse library dir [/Users/puugru/Exercism/cpp/reverse-string/CMakeFiles/CMakeTmp/Debug] ==> [/Users/puugru/Exercism/cpp/reverse-string/CMakeFiles/CMakeTmp/Debug], skipping non-system directory
  collapse library dir [/Applications/Xcode.app/Contents/Developer/Platforms/MacOSX.platform/Developer/SDKs/MacOSX10.12.sdk/usr/lib] ==> [/Applications/Xcode.app/Contents/Developer/Platforms/MacOSX.platform/Developer/SDKs/MacOSX10.12.sdk/usr/lib]
  collapse framework dir [/Users/puugru/Exercism/cpp/reverse-string/CMakeFiles/CMakeTmp/Debug] ==> [/Users/puugru/Exercism/cpp/reverse-string/CMakeFiles/CMakeTmp/Debug], skipping non-system directory
  collapse framework dir [/Applications/Xcode.app/Contents/Developer/Platforms/MacOSX.platform/Developer/SDKs/MacOSX10.12.sdk/System/Library/Frameworks/] ==> [/Applications/Xcode.app/Contents/Developer/Platforms/MacOSX.platform/Developer/SDKs/MacOSX10.12.sdk/System/Library/Frameworks]
  implicit libs: [c++]
  implicit dirs: [/Applications/Xcode.app/Contents/Developer/Platforms/MacOSX.platform/Developer/SDKs/MacOSX10.12.sdk/usr/lib]
  implicit fwks: [/Applications/Xcode.app/Contents/Developer/Platforms/MacOSX.platform/Developer/SDKs/MacOSX10.12.sdk/System/Library/Frameworks]




Detecting CXX [-std=c++1z] compiler features compiled with the following output:
Change Dir: /Users/puugru/Exercism/cpp/reverse-string/CMakeFiles/CMakeTmp

Run Build Command(s):/usr/bin/xcodebuild -project CMAKE_TRY_COMPILE.xcodeproj build -target cmTC_99efe -configuration Debug -hideShellScriptEnvironment 
User defaults from command line:
    HideShellScriptEnvironment = YES

=== BUILD TARGET cmTC_99efe OF PROJECT CMAKE_TRY_COMPILE WITH CONFIGURATION Debug ===

Check dependencies

Write auxiliary files
/bin/mkdir -p /Users/puugru/Exercism/cpp/reverse-string/CMakeFiles/CMakeTmp/CMAKE_TRY_COMPILE.build/Debug/cmTC_99efe.build/Objects-normal/x86_64
write-file /Users/puugru/Exercism/cpp/reverse-string/CMakeFiles/CMakeTmp/CMAKE_TRY_COMPILE.build/Debug/cmTC_99efe.build/Objects-normal/x86_64/cmTC_99efe.LinkFileList

CompileC CMAKE_TRY_COMPILE.build/Debug/cmTC_99efe.build/Objects-normal/x86_64/feature_tests.o /Users/puugru/Exercism/cpp/reverse-string/CMakeFiles/feature_tests.cxx normal x86_64 c++ com.apple.compilers.llvm.clang.1_0.compiler
    cd /Users/puugru/Exercism/cpp/reverse-string/CMakeFiles/CMakeTmp
    /Applications/Xcode.app/Contents/Developer/Toolchains/XcodeDefault.xctoolchain/usr/bin/clang -x c++ -arch x86_64 -fmessage-length=0 -fdiagnostics-show-note-include-stack -fmacro-backtrace-limit=0 -Wno-trigraphs -fpascal-strings -O0 -Wno-missing-field-initializers -Wno-missing-prototypes -Wno-return-type -Wno-non-virtual-dtor -Wno-overloaded-virtual -Wno-exit-time-destructors -Wno-missing-braces -Wparentheses -Wswitch -Wno-unused-function -Wno-unused-label -Wno-unused-parameter -Wno-unused-variable -Wunused-value -Wno-empty-body -Wno-uninitialized -Wno-unknown-pragmas -Wno-shadow -Wno-four-char-constants -Wno-conversion -Wno-constant-conversion -Wno-int-conversion -Wno-bool-conversion -Wno-enum-conversion -Wno-shorten-64-to-32 -Wno-newline-eof -Wno-c++11-extensions -DCMAKE_INTDIR=\"Debug\" -isysroot /Applications/Xcode.app/Contents/Developer/Platforms/MacOSX.platform/Developer/SDKs/MacOSX10.12.sdk -fasm-blocks -fstrict-aliasing -Wdeprecated-declarations -Winvalid-offsetof -mmacosx-version-min=10.12 -g -Wno-sign-conversion -Wno-infinite-recursion -Wno-move -I/Users/puugru/Exercism/cpp/reverse-string/CMakeFiles/CMakeTmp/Debug/include -I/Users/puugru/Exercism/cpp/reverse-string/CMakeFiles/CMakeTmp/CMAKE_TRY_COMPILE.build/Debug/cmTC_99efe.build/DerivedSources/x86_64 -I/Users/puugru/Exercism/cpp/reverse-string/CMakeFiles/CMakeTmp/CMAKE_TRY_COMPILE.build/Debug/cmTC_99efe.build/DerivedSources -Wmost -Wno-four-char-constants -Wno-unknown-pragmas -F/Users/puugru/Exercism/cpp/reverse-string/CMakeFiles/CMakeTmp/Debug -std=c++1z -MMD -MT dependencies -MF /Users/puugru/Exercism/cpp/reverse-string/CMakeFiles/CMakeTmp/CMAKE_TRY_COMPILE.build/Debug/cmTC_99efe.build/Objects-normal/x86_64/feature_tests.d --serialize-diagnostics /Users/puugru/Exercism/cpp/reverse-string/CMakeFiles/CMakeTmp/CMAKE_TRY_COMPILE.build/Debug/cmTC_99efe.build/Objects-normal/x86_64/feature_tests.dia -c /Users/puugru/Exercism/cpp/reverse-string/CMakeFiles/feature_tests.cxx -o /Users/puugru/Exercism/cpp/reverse-string/CMakeFiles/CMakeTmp/CMAKE_TRY_COMPILE.build/Debug/cmTC_99efe.build/Objects-normal/x86_64/feature_tests.o

Ld Debug/cmTC_99efe normal x86_64
    cd /Users/puugru/Exercism/cpp/reverse-string/CMakeFiles/CMakeTmp
    /Applications/Xcode.app/Contents/Developer/Toolchains/XcodeDefault.xctoolchain/usr/bin/clang++ -arch x86_64 -isysroot /Applications/Xcode.app/Contents/Developer/Platforms/MacOSX.platform/Developer/SDKs/MacOSX10.12.sdk -L/Users/puugru/Exercism/cpp/reverse-string/CMakeFiles/CMakeTmp/Debug -F/Users/puugru/Exercism/cpp/reverse-string/CMakeFiles/CMakeTmp/Debug -filelist /Users/puugru/Exercism/cpp/reverse-string/CMakeFiles/CMakeTmp/CMAKE_TRY_COMPILE.build/Debug/cmTC_99efe.build/Objects-normal/x86_64/cmTC_99efe.LinkFileList -mmacosx-version-min=10.12 -Xlinker -object_path_lto -Xlinker /Users/puugru/Exercism/cpp/reverse-string/CMakeFiles/CMakeTmp/CMAKE_TRY_COMPILE.build/Debug/cmTC_99efe.build/Objects-normal/x86_64/cmTC_99efe_lto.o -Xlinker -no_deduplicate -Wl,-search_paths_first -Wl,-headerpad_max_install_names -Xlinker -dependency_info -Xlinker /Users/puugru/Exercism/cpp/reverse-string/CMakeFiles/CMakeTmp/CMAKE_TRY_COMPILE.build/Debug/cmTC_99efe.build/Objects-normal/x86_64/cmTC_99efe_dependency_info.dat -o /Users/puugru/Exercism/cpp/reverse-string/CMakeFiles/CMakeTmp/Debug/cmTC_99efe

** BUILD SUCCEEDED **



    Feature record: CXX_FEATURE:1cxx_aggregate_default_initializers
    Feature record: CXX_FEATURE:1cxx_alias_templates
    Feature record: CXX_FEATURE:1cxx_alignas
    Feature record: CXX_FEATURE:1cxx_alignof
    Feature record: CXX_FEATURE:1cxx_attributes
    Feature record: CXX_FEATURE:1cxx_attribute_deprecated
    Feature record: CXX_FEATURE:1cxx_auto_type
    Feature record: CXX_FEATURE:1cxx_binary_literals
    Feature record: CXX_FEATURE:1cxx_constexpr
    Feature record: CXX_FEATURE:1cxx_contextual_conversions
    Feature record: CXX_FEATURE:1cxx_decltype
    Feature record: CXX_FEATURE:1cxx_decltype_auto
    Feature record: CXX_FEATURE:1cxx_decltype_incomplete_return_types
    Feature record: CXX_FEATURE:1cxx_default_function_template_args
    Feature record: CXX_FEATURE:1cxx_defaulted_functions
    Feature record: CXX_FEATURE:1cxx_defaulted_move_initializers
    Feature record: CXX_FEATURE:1cxx_delegating_constructors
    Feature record: CXX_FEATURE:1cxx_deleted_functions
    Feature record: CXX_FEATURE:1cxx_digit_separators
    Feature record: CXX_FEATURE:1cxx_enum_forward_declarations
    Feature record: CXX_FEATURE:1cxx_explicit_conversions
    Feature record: CXX_FEATURE:1cxx_extended_friend_declarations
    Feature record: CXX_FEATURE:1cxx_extern_templates
    Feature record: CXX_FEATURE:1cxx_final
    Feature record: CXX_FEATURE:1cxx_func_identifier
    Feature record: CXX_FEATURE:1cxx_generalized_initializers
    Feature record: CXX_FEATURE:1cxx_generic_lambdas
    Feature record: CXX_FEATURE:1cxx_inheriting_constructors
    Feature record: CXX_FEATURE:1cxx_inline_namespaces
    Feature record: CXX_FEATURE:1cxx_lambdas
    Feature record: CXX_FEATURE:1cxx_lambda_init_captures
    Feature record: CXX_FEATURE:1cxx_local_type_template_args
    Feature record: CXX_FEATURE:1cxx_long_long_type
    Feature record: CXX_FEATURE:1cxx_noexcept
    Feature record: CXX_FEATURE:1cxx_nonstatic_member_init
    Feature record: CXX_FEATURE:1cxx_nullptr
    Feature record: CXX_FEATURE:1cxx_override
    Feature record: CXX_FEATURE:1cxx_range_for
    Feature record: CXX_FEATURE:1cxx_raw_string_literals
    Feature record: CXX_FEATURE:1cxx_reference_qualified_functions
    Feature record: CXX_FEATURE:1cxx_relaxed_constexpr
    Feature record: CXX_FEATURE:1cxx_return_type_deduction
    Feature record: CXX_FEATURE:1cxx_right_angle_brackets
    Feature record: CXX_FEATURE:1cxx_rvalue_references
    Feature record: CXX_FEATURE:1cxx_sizeof_member
    Feature record: CXX_FEATURE:1cxx_static_assert
    Feature record: CXX_FEATURE:1cxx_strong_enums
    Feature record: CXX_FEATURE:1cxx_template_template_parameters
    Feature record: CXX_FEATURE:1cxx_thread_local
    Feature record: CXX_FEATURE:1cxx_trailing_return_types
    Feature record: CXX_FEATURE:1cxx_unicode_literals
    Feature record: CXX_FEATURE:1cxx_uniform_initialization
    Feature record: CXX_FEATURE:1cxx_unrestricted_unions
    Feature record: CXX_FEATURE:1cxx_user_literals
    Feature record: CXX_FEATURE:1cxx_variable_templates
    Feature record: CXX_FEATURE:1cxx_variadic_macros
    Feature record: CXX_FEATURE:1cxx_variadic_templates


Detecting CXX [-std=c++14] compiler features compiled with the following output:
Change Dir: /Users/puugru/Exercism/cpp/reverse-string/CMakeFiles/CMakeTmp

Run Build Command(s):/usr/bin/xcodebuild -project CMAKE_TRY_COMPILE.xcodeproj build -target cmTC_215ac -configuration Debug -hideShellScriptEnvironment 
User defaults from command line:
    HideShellScriptEnvironment = YES

=== BUILD TARGET cmTC_215ac OF PROJECT CMAKE_TRY_COMPILE WITH CONFIGURATION Debug ===

Check dependencies

Write auxiliary files
/bin/mkdir -p /Users/puugru/Exercism/cpp/reverse-string/CMakeFiles/CMakeTmp/CMAKE_TRY_COMPILE.build/Debug/cmTC_215ac.build/Objects-normal/x86_64
write-file /Users/puugru/Exercism/cpp/reverse-string/CMakeFiles/CMakeTmp/CMAKE_TRY_COMPILE.build/Debug/cmTC_215ac.build/Objects-normal/x86_64/cmTC_215ac.LinkFileList

CompileC CMAKE_TRY_COMPILE.build/Debug/cmTC_215ac.build/Objects-normal/x86_64/feature_tests.o /Users/puugru/Exercism/cpp/reverse-string/CMakeFiles/feature_tests.cxx normal x86_64 c++ com.apple.compilers.llvm.clang.1_0.compiler
    cd /Users/puugru/Exercism/cpp/reverse-string/CMakeFiles/CMakeTmp
    /Applications/Xcode.app/Contents/Developer/Toolchains/XcodeDefault.xctoolchain/usr/bin/clang -x c++ -arch x86_64 -fmessage-length=0 -fdiagnostics-show-note-include-stack -fmacro-backtrace-limit=0 -Wno-trigraphs -fpascal-strings -O0 -Wno-missing-field-initializers -Wno-missing-prototypes -Wno-return-type -Wno-non-virtual-dtor -Wno-overloaded-virtual -Wno-exit-time-destructors -Wno-missing-braces -Wparentheses -Wswitch -Wno-unused-function -Wno-unused-label -Wno-unused-parameter -Wno-unused-variable -Wunused-value -Wno-empty-body -Wno-uninitialized -Wno-unknown-pragmas -Wno-shadow -Wno-four-char-constants -Wno-conversion -Wno-constant-conversion -Wno-int-conversion -Wno-bool-conversion -Wno-enum-conversion -Wno-shorten-64-to-32 -Wno-newline-eof -Wno-c++11-extensions -DCMAKE_INTDIR=\"Debug\" -isysroot /Applications/Xcode.app/Contents/Developer/Platforms/MacOSX.platform/Developer/SDKs/MacOSX10.12.sdk -fasm-blocks -fstrict-aliasing -Wdeprecated-declarations -Winvalid-offsetof -mmacosx-version-min=10.12 -g -Wno-sign-conversion -Wno-infinite-recursion -Wno-move -I/Users/puugru/Exercism/cpp/reverse-string/CMakeFiles/CMakeTmp/Debug/include -I/Users/puugru/Exercism/cpp/reverse-string/CMakeFiles/CMakeTmp/CMAKE_TRY_COMPILE.build/Debug/cmTC_215ac.build/DerivedSources/x86_64 -I/Users/puugru/Exercism/cpp/reverse-string/CMakeFiles/CMakeTmp/CMAKE_TRY_COMPILE.build/Debug/cmTC_215ac.build/DerivedSources -Wmost -Wno-four-char-constants -Wno-unknown-pragmas -F/Users/puugru/Exercism/cpp/reverse-string/CMakeFiles/CMakeTmp/Debug -std=c++14 -MMD -MT dependencies -MF /Users/puugru/Exercism/cpp/reverse-string/CMakeFiles/CMakeTmp/CMAKE_TRY_COMPILE.build/Debug/cmTC_215ac.build/Objects-normal/x86_64/feature_tests.d --serialize-diagnostics /Users/puugru/Exercism/cpp/reverse-string/CMakeFiles/CMakeTmp/CMAKE_TRY_COMPILE.build/Debug/cmTC_215ac.build/Objects-normal/x86_64/feature_tests.dia -c /Users/puugru/Exercism/cpp/reverse-string/CMakeFiles/feature_tests.cxx -o /Users/puugru/Exercism/cpp/reverse-string/CMakeFiles/CMakeTmp/CMAKE_TRY_COMPILE.build/Debug/cmTC_215ac.build/Objects-normal/x86_64/feature_tests.o

Ld Debug/cmTC_215ac normal x86_64
    cd /Users/puugru/Exercism/cpp/reverse-string/CMakeFiles/CMakeTmp
    /Applications/Xcode.app/Contents/Developer/Toolchains/XcodeDefault.xctoolchain/usr/bin/clang++ -arch x86_64 -isysroot /Applications/Xcode.app/Contents/Developer/Platforms/MacOSX.platform/Developer/SDKs/MacOSX10.12.sdk -L/Users/puugru/Exercism/cpp/reverse-string/CMakeFiles/CMakeTmp/Debug -F/Users/puugru/Exercism/cpp/reverse-string/CMakeFiles/CMakeTmp/Debug -filelist /Users/puugru/Exercism/cpp/reverse-string/CMakeFiles/CMakeTmp/CMAKE_TRY_COMPILE.build/Debug/cmTC_215ac.build/Objects-normal/x86_64/cmTC_215ac.LinkFileList -mmacosx-version-min=10.12 -Xlinker -object_path_lto -Xlinker /Users/puugru/Exercism/cpp/reverse-string/CMakeFiles/CMakeTmp/CMAKE_TRY_COMPILE.build/Debug/cmTC_215ac.build/Objects-normal/x86_64/cmTC_215ac_lto.o -Xlinker -no_deduplicate -Wl,-search_paths_first -Wl,-headerpad_max_install_names -Xlinker -dependency_info -Xlinker /Users/puugru/Exercism/cpp/reverse-string/CMakeFiles/CMakeTmp/CMAKE_TRY_COMPILE.build/Debug/cmTC_215ac.build/Objects-normal/x86_64/cmTC_215ac_dependency_info.dat -o /Users/puugru/Exercism/cpp/reverse-string/CMakeFiles/CMakeTmp/Debug/cmTC_215ac

** BUILD SUCCEEDED **



    Feature record: CXX_FEATURE:1cxx_aggregate_default_initializers
    Feature record: CXX_FEATURE:1cxx_alias_templates
    Feature record: CXX_FEATURE:1cxx_alignas
    Feature record: CXX_FEATURE:1cxx_alignof
    Feature record: CXX_FEATURE:1cxx_attributes
    Feature record: CXX_FEATURE:1cxx_attribute_deprecated
    Feature record: CXX_FEATURE:1cxx_auto_type
    Feature record: CXX_FEATURE:1cxx_binary_literals
    Feature record: CXX_FEATURE:1cxx_constexpr
    Feature record: CXX_FEATURE:1cxx_contextual_conversions
    Feature record: CXX_FEATURE:1cxx_decltype
    Feature record: CXX_FEATURE:1cxx_decltype_auto
    Feature record: CXX_FEATURE:1cxx_decltype_incomplete_return_types
    Feature record: CXX_FEATURE:1cxx_default_function_template_args
    Feature record: CXX_FEATURE:1cxx_defaulted_functions
    Feature record: CXX_FEATURE:1cxx_defaulted_move_initializers
    Feature record: CXX_FEATURE:1cxx_delegating_constructors
    Feature record: CXX_FEATURE:1cxx_deleted_functions
    Feature record: CXX_FEATURE:1cxx_digit_separators
    Feature record: CXX_FEATURE:1cxx_enum_forward_declarations
    Feature record: CXX_FEATURE:1cxx_explicit_conversions
    Feature record: CXX_FEATURE:1cxx_extended_friend_declarations
    Feature record: CXX_FEATURE:1cxx_extern_templates
    Feature record: CXX_FEATURE:1cxx_final
    Feature record: CXX_FEATURE:1cxx_func_identifier
    Feature record: CXX_FEATURE:1cxx_generalized_initializers
    Feature record: CXX_FEATURE:1cxx_generic_lambdas
    Feature record: CXX_FEATURE:1cxx_inheriting_constructors
    Feature record: CXX_FEATURE:1cxx_inline_namespaces
    Feature record: CXX_FEATURE:1cxx_lambdas
    Feature record: CXX_FEATURE:1cxx_lambda_init_captures
    Feature record: CXX_FEATURE:1cxx_local_type_template_args
    Feature record: CXX_FEATURE:1cxx_long_long_type
    Feature record: CXX_FEATURE:1cxx_noexcept
    Feature record: CXX_FEATURE:1cxx_nonstatic_member_init
    Feature record: CXX_FEATURE:1cxx_nullptr
    Feature record: CXX_FEATURE:1cxx_override
    Feature record: CXX_FEATURE:1cxx_range_for
    Feature record: CXX_FEATURE:1cxx_raw_string_literals
    Feature record: CXX_FEATURE:1cxx_reference_qualified_functions
    Feature record: CXX_FEATURE:1cxx_relaxed_constexpr
    Feature record: CXX_FEATURE:1cxx_return_type_deduction
    Feature record: CXX_FEATURE:1cxx_right_angle_brackets
    Feature record: CXX_FEATURE:1cxx_rvalue_references
    Feature record: CXX_FEATURE:1cxx_sizeof_member
    Feature record: CXX_FEATURE:1cxx_static_assert
    Feature record: CXX_FEATURE:1cxx_strong_enums
    Feature record: CXX_FEATURE:1cxx_template_template_parameters
    Feature record: CXX_FEATURE:1cxx_thread_local
    Feature record: CXX_FEATURE:1cxx_trailing_return_types
    Feature record: CXX_FEATURE:1cxx_unicode_literals
    Feature record: CXX_FEATURE:1cxx_uniform_initialization
    Feature record: CXX_FEATURE:1cxx_unrestricted_unions
    Feature record: CXX_FEATURE:1cxx_user_literals
    Feature record: CXX_FEATURE:1cxx_variable_templates
    Feature record: CXX_FEATURE:1cxx_variadic_macros
    Feature record: CXX_FEATURE:1cxx_variadic_templates


Detecting CXX [-std=c++11] compiler features compiled with the following output:
Change Dir: /Users/puugru/Exercism/cpp/reverse-string/CMakeFiles/CMakeTmp

Run Build Command(s):/usr/bin/xcodebuild -project CMAKE_TRY_COMPILE.xcodeproj build -target cmTC_caafb -configuration Debug -hideShellScriptEnvironment 
User defaults from command line:
    HideShellScriptEnvironment = YES

=== BUILD TARGET cmTC_caafb OF PROJECT CMAKE_TRY_COMPILE WITH CONFIGURATION Debug ===

Check dependencies

Write auxiliary files
/bin/mkdir -p /Users/puugru/Exercism/cpp/reverse-string/CMakeFiles/CMakeTmp/CMAKE_TRY_COMPILE.build/Debug/cmTC_caafb.build/Objects-normal/x86_64
write-file /Users/puugru/Exercism/cpp/reverse-string/CMakeFiles/CMakeTmp/CMAKE_TRY_COMPILE.build/Debug/cmTC_caafb.build/Objects-normal/x86_64/cmTC_caafb.LinkFileList

CompileC CMAKE_TRY_COMPILE.build/Debug/cmTC_caafb.build/Objects-normal/x86_64/feature_tests.o /Users/puugru/Exercism/cpp/reverse-string/CMakeFiles/feature_tests.cxx normal x86_64 c++ com.apple.compilers.llvm.clang.1_0.compiler
    cd /Users/puugru/Exercism/cpp/reverse-string/CMakeFiles/CMakeTmp
    /Applications/Xcode.app/Contents/Developer/Toolchains/XcodeDefault.xctoolchain/usr/bin/clang -x c++ -arch x86_64 -fmessage-length=0 -fdiagnostics-show-note-include-stack -fmacro-backtrace-limit=0 -Wno-trigraphs -fpascal-strings -O0 -Wno-missing-field-initializers -Wno-missing-prototypes -Wno-return-type -Wno-non-virtual-dtor -Wno-overloaded-virtual -Wno-exit-time-destructors -Wno-missing-braces -Wparentheses -Wswitch -Wno-unused-function -Wno-unused-label -Wno-unused-parameter -Wno-unused-variable -Wunused-value -Wno-empty-body -Wno-uninitialized -Wno-unknown-pragmas -Wno-shadow -Wno-four-char-constants -Wno-conversion -Wno-constant-conversion -Wno-int-conversion -Wno-bool-conversion -Wno-enum-conversion -Wno-shorten-64-to-32 -Wno-newline-eof -Wno-c++11-extensions -DCMAKE_INTDIR=\"Debug\" -isysroot /Applications/Xcode.app/Contents/Developer/Platforms/MacOSX.platform/Developer/SDKs/MacOSX10.12.sdk -fasm-blocks -fstrict-aliasing -Wdeprecated-declarations -Winvalid-offsetof -mmacosx-version-min=10.12 -g -Wno-sign-conversion -Wno-infinite-recursion -Wno-move -I/Users/puugru/Exercism/cpp/reverse-string/CMakeFiles/CMakeTmp/Debug/include -I/Users/puugru/Exercism/cpp/reverse-string/CMakeFiles/CMakeTmp/CMAKE_TRY_COMPILE.build/Debug/cmTC_caafb.build/DerivedSources/x86_64 -I/Users/puugru/Exercism/cpp/reverse-string/CMakeFiles/CMakeTmp/CMAKE_TRY_COMPILE.build/Debug/cmTC_caafb.build/DerivedSources -Wmost -Wno-four-char-constants -Wno-unknown-pragmas -F/Users/puugru/Exercism/cpp/reverse-string/CMakeFiles/CMakeTmp/Debug -std=c++11 -MMD -MT dependencies -MF /Users/puugru/Exercism/cpp/reverse-string/CMakeFiles/CMakeTmp/CMAKE_TRY_COMPILE.build/Debug/cmTC_caafb.build/Objects-normal/x86_64/feature_tests.d --serialize-diagnostics /Users/puugru/Exercism/cpp/reverse-string/CMakeFiles/CMakeTmp/CMAKE_TRY_COMPILE.build/Debug/cmTC_caafb.build/Objects-normal/x86_64/feature_tests.dia -c /Users/puugru/Exercism/cpp/reverse-string/CMakeFiles/feature_tests.cxx -o /Users/puugru/Exercism/cpp/reverse-string/CMakeFiles/CMakeTmp/CMAKE_TRY_COMPILE.build/Debug/cmTC_caafb.build/Objects-normal/x86_64/feature_tests.o

Ld Debug/cmTC_caafb normal x86_64
    cd /Users/puugru/Exercism/cpp/reverse-string/CMakeFiles/CMakeTmp
    /Applications/Xcode.app/Contents/Developer/Toolchains/XcodeDefault.xctoolchain/usr/bin/clang++ -arch x86_64 -isysroot /Applications/Xcode.app/Contents/Developer/Platforms/MacOSX.platform/Developer/SDKs/MacOSX10.12.sdk -L/Users/puugru/Exercism/cpp/reverse-string/CMakeFiles/CMakeTmp/Debug -F/Users/puugru/Exercism/cpp/reverse-string/CMakeFiles/CMakeTmp/Debug -filelist /Users/puugru/Exercism/cpp/reverse-string/CMakeFiles/CMakeTmp/CMAKE_TRY_COMPILE.build/Debug/cmTC_caafb.build/Objects-normal/x86_64/cmTC_caafb.LinkFileList -mmacosx-version-min=10.12 -Xlinker -object_path_lto -Xlinker /Users/puugru/Exercism/cpp/reverse-string/CMakeFiles/CMakeTmp/CMAKE_TRY_COMPILE.build/Debug/cmTC_caafb.build/Objects-normal/x86_64/cmTC_caafb_lto.o -Xlinker -no_deduplicate -Wl,-search_paths_first -Wl,-headerpad_max_install_names -Xlinker -dependency_info -Xlinker /Users/puugru/Exercism/cpp/reverse-string/CMakeFiles/CMakeTmp/CMAKE_TRY_COMPILE.build/Debug/cmTC_caafb.build/Objects-normal/x86_64/cmTC_caafb_dependency_info.dat -o /Users/puugru/Exercism/cpp/reverse-string/CMakeFiles/CMakeTmp/Debug/cmTC_caafb

** BUILD SUCCEEDED **



    Feature record: CXX_FEATURE:0cxx_aggregate_default_initializers
    Feature record: CXX_FEATURE:1cxx_alias_templates
    Feature record: CXX_FEATURE:1cxx_alignas
    Feature record: CXX_FEATURE:1cxx_alignof
    Feature record: CXX_FEATURE:1cxx_attributes
    Feature record: CXX_FEATURE:0cxx_attribute_deprecated
    Feature record: CXX_FEATURE:1cxx_auto_type
    Feature record: CXX_FEATURE:0cxx_binary_literals
    Feature record: CXX_FEATURE:1cxx_constexpr
    Feature record: CXX_FEATURE:0cxx_contextual_conversions
    Feature record: CXX_FEATURE:1cxx_decltype
    Feature record: CXX_FEATURE:0cxx_decltype_auto
    Feature record: CXX_FEATURE:1cxx_decltype_incomplete_return_types
    Feature record: CXX_FEATURE:1cxx_default_function_template_args
    Feature record: CXX_FEATURE:1cxx_defaulted_functions
    Feature record: CXX_FEATURE:1cxx_defaulted_move_initializers
    Feature record: CXX_FEATURE:1cxx_delegating_constructors
    Feature record: CXX_FEATURE:1cxx_deleted_functions
    Feature record: CXX_FEATURE:0cxx_digit_separators
    Feature record: CXX_FEATURE:1cxx_enum_forward_declarations
    Feature record: CXX_FEATURE:1cxx_explicit_conversions
    Feature record: CXX_FEATURE:1cxx_extended_friend_declarations
    Feature record: CXX_FEATURE:1cxx_extern_templates
    Feature record: CXX_FEATURE:1cxx_final
    Feature record: CXX_FEATURE:1cxx_func_identifier
    Feature record: CXX_FEATURE:1cxx_generalized_initializers
    Feature record: CXX_FEATURE:0cxx_generic_lambdas
    Feature record: CXX_FEATURE:1cxx_inheriting_constructors
    Feature record: CXX_FEATURE:1cxx_inline_namespaces
    Feature record: CXX_FEATURE:1cxx_lambdas
    Feature record: CXX_FEATURE:0cxx_lambda_init_captures
    Feature record: CXX_FEATURE:1cxx_local_type_template_args
    Feature record: CXX_FEATURE:1cxx_long_long_type
    Feature record: CXX_FEATURE:1cxx_noexcept
    Feature record: CXX_FEATURE:1cxx_nonstatic_member_init
    Feature record: CXX_FEATURE:1cxx_nullptr
    Feature record: CXX_FEATURE:1cxx_override
    Feature record: CXX_FEATURE:1cxx_range_for
    Feature record: CXX_FEATURE:1cxx_raw_string_literals
    Feature record: CXX_FEATURE:1cxx_reference_qualified_functions
    Feature record: CXX_FEATURE:0cxx_relaxed_constexpr
    Feature record: CXX_FEATURE:0cxx_return_type_deduction
    Feature record: CXX_FEATURE:1cxx_right_angle_brackets
    Feature record: CXX_FEATURE:1cxx_rvalue_references
    Feature record: CXX_FEATURE:1cxx_sizeof_member
    Feature record: CXX_FEATURE:1cxx_static_assert
    Feature record: CXX_FEATURE:1cxx_strong_enums
    Feature record: CXX_FEATURE:1cxx_template_template_parameters
    Feature record: CXX_FEATURE:1cxx_thread_local
    Feature record: CXX_FEATURE:1cxx_trailing_return_types
    Feature record: CXX_FEATURE:1cxx_unicode_literals
    Feature record: CXX_FEATURE:1cxx_uniform_initialization
    Feature record: CXX_FEATURE:1cxx_unrestricted_unions
    Feature record: CXX_FEATURE:1cxx_user_literals
    Feature record: CXX_FEATURE:0cxx_variable_templates
    Feature record: CXX_FEATURE:1cxx_variadic_macros
    Feature record: CXX_FEATURE:1cxx_variadic_templates


Detecting CXX [-std=c++98] compiler features compiled with the following output:
Change Dir: /Users/puugru/Exercism/cpp/reverse-string/CMakeFiles/CMakeTmp

Run Build Command(s):/usr/bin/xcodebuild -project CMAKE_TRY_COMPILE.xcodeproj build -target cmTC_b0e26 -configuration Debug -hideShellScriptEnvironment 
User defaults from command line:
    HideShellScriptEnvironment = YES

=== BUILD TARGET cmTC_b0e26 OF PROJECT CMAKE_TRY_COMPILE WITH CONFIGURATION Debug ===

Check dependencies

Write auxiliary files
/bin/mkdir -p /Users/puugru/Exercism/cpp/reverse-string/CMakeFiles/CMakeTmp/CMAKE_TRY_COMPILE.build/Debug/cmTC_b0e26.build/Objects-normal/x86_64
write-file /Users/puugru/Exercism/cpp/reverse-string/CMakeFiles/CMakeTmp/CMAKE_TRY_COMPILE.build/Debug/cmTC_b0e26.build/Objects-normal/x86_64/cmTC_b0e26.LinkFileList

CompileC CMAKE_TRY_COMPILE.build/Debug/cmTC_b0e26.build/Objects-normal/x86_64/feature_tests.o /Users/puugru/Exercism/cpp/reverse-string/CMakeFiles/feature_tests.cxx normal x86_64 c++ com.apple.compilers.llvm.clang.1_0.compiler
    cd /Users/puugru/Exercism/cpp/reverse-string/CMakeFiles/CMakeTmp
    /Applications/Xcode.app/Contents/Developer/Toolchains/XcodeDefault.xctoolchain/usr/bin/clang -x c++ -arch x86_64 -fmessage-length=0 -fdiagnostics-show-note-include-stack -fmacro-backtrace-limit=0 -Wno-trigraphs -fpascal-strings -O0 -Wno-missing-field-initializers -Wno-missing-prototypes -Wno-return-type -Wno-non-virtual-dtor -Wno-overloaded-virtual -Wno-exit-time-destructors -Wno-missing-braces -Wparentheses -Wswitch -Wno-unused-function -Wno-unused-label -Wno-unused-parameter -Wno-unused-variable -Wunused-value -Wno-empty-body -Wno-uninitialized -Wno-unknown-pragmas -Wno-shadow -Wno-four-char-constants -Wno-conversion -Wno-constant-conversion -Wno-int-conversion -Wno-bool-conversion -Wno-enum-conversion -Wno-shorten-64-to-32 -Wno-newline-eof -Wno-c++11-extensions -DCMAKE_INTDIR=\"Debug\" -isysroot /Applications/Xcode.app/Contents/Developer/Platforms/MacOSX.platform/Developer/SDKs/MacOSX10.12.sdk -fasm-blocks -fstrict-aliasing -Wdeprecated-declarations -Winvalid-offsetof -mmacosx-version-min=10.12 -g -Wno-sign-conversion -Wno-infinite-recursion -Wno-move -I/Users/puugru/Exercism/cpp/reverse-string/CMakeFiles/CMakeTmp/Debug/include -I/Users/puugru/Exercism/cpp/reverse-string/CMakeFiles/CMakeTmp/CMAKE_TRY_COMPILE.build/Debug/cmTC_b0e26.build/DerivedSources/x86_64 -I/Users/puugru/Exercism/cpp/reverse-string/CMakeFiles/CMakeTmp/CMAKE_TRY_COMPILE.build/Debug/cmTC_b0e26.build/DerivedSources -Wmost -Wno-four-char-constants -Wno-unknown-pragmas -F/Users/puugru/Exercism/cpp/reverse-string/CMakeFiles/CMakeTmp/Debug -std=c++98 -MMD -MT dependencies -MF /Users/puugru/Exercism/cpp/reverse-string/CMakeFiles/CMakeTmp/CMAKE_TRY_COMPILE.build/Debug/cmTC_b0e26.build/Objects-normal/x86_64/feature_tests.d --serialize-diagnostics /Users/puugru/Exercism/cpp/reverse-string/CMakeFiles/CMakeTmp/CMAKE_TRY_COMPILE.build/Debug/cmTC_b0e26.build/Objects-normal/x86_64/feature_tests.dia -c /Users/puugru/Exercism/cpp/reverse-string/CMakeFiles/feature_tests.cxx -o /Users/puugru/Exercism/cpp/reverse-string/CMakeFiles/CMakeTmp/CMAKE_TRY_COMPILE.build/Debug/cmTC_b0e26.build/Objects-normal/x86_64/feature_tests.o

Ld Debug/cmTC_b0e26 normal x86_64
    cd /Users/puugru/Exercism/cpp/reverse-string/CMakeFiles/CMakeTmp
    /Applications/Xcode.app/Contents/Developer/Toolchains/XcodeDefault.xctoolchain/usr/bin/clang++ -arch x86_64 -isysroot /Applications/Xcode.app/Contents/Developer/Platforms/MacOSX.platform/Developer/SDKs/MacOSX10.12.sdk -L/Users/puugru/Exercism/cpp/reverse-string/CMakeFiles/CMakeTmp/Debug -F/Users/puugru/Exercism/cpp/reverse-string/CMakeFiles/CMakeTmp/Debug -filelist /Users/puugru/Exercism/cpp/reverse-string/CMakeFiles/CMakeTmp/CMAKE_TRY_COMPILE.build/Debug/cmTC_b0e26.build/Objects-normal/x86_64/cmTC_b0e26.LinkFileList -mmacosx-version-min=10.12 -Xlinker -object_path_lto -Xlinker /Users/puugru/Exercism/cpp/reverse-string/CMakeFiles/CMakeTmp/CMAKE_TRY_COMPILE.build/Debug/cmTC_b0e26.build/Objects-normal/x86_64/cmTC_b0e26_lto.o -Xlinker -no_deduplicate -Wl,-search_paths_first -Wl,-headerpad_max_install_names -Xlinker -dependency_info -Xlinker /Users/puugru/Exercism/cpp/reverse-string/CMakeFiles/CMakeTmp/CMAKE_TRY_COMPILE.build/Debug/cmTC_b0e26.build/Objects-normal/x86_64/cmTC_b0e26_dependency_info.dat -o /Users/puugru/Exercism/cpp/reverse-string/CMakeFiles/CMakeTmp/Debug/cmTC_b0e26

** BUILD SUCCEEDED **



    Feature record: CXX_FEATURE:0cxx_aggregate_default_initializers
    Feature record: CXX_FEATURE:0cxx_alias_templates
    Feature record: CXX_FEATURE:0cxx_alignas
    Feature record: CXX_FEATURE:0cxx_alignof
    Feature record: CXX_FEATURE:0cxx_attributes
    Feature record: CXX_FEATURE:0cxx_attribute_deprecated
    Feature record: CXX_FEATURE:0cxx_auto_type
    Feature record: CXX_FEATURE:0cxx_binary_literals
    Feature record: CXX_FEATURE:0cxx_constexpr
    Feature record: CXX_FEATURE:0cxx_contextual_conversions
    Feature record: CXX_FEATURE:0cxx_decltype
    Feature record: CXX_FEATURE:0cxx_decltype_auto
    Feature record: CXX_FEATURE:0cxx_decltype_incomplete_return_types
    Feature record: CXX_FEATURE:0cxx_default_function_template_args
    Feature record: CXX_FEATURE:0cxx_defaulted_functions
    Feature record: CXX_FEATURE:0cxx_defaulted_move_initializers
    Feature record: CXX_FEATURE:0cxx_delegating_constructors
    Feature record: CXX_FEATURE:0cxx_deleted_functions
    Feature record: CXX_FEATURE:0cxx_digit_separators
    Feature record: CXX_FEATURE:0cxx_enum_forward_declarations
    Feature record: CXX_FEATURE:0cxx_explicit_conversions
    Feature record: CXX_FEATURE:0cxx_extended_friend_declarations
    Feature record: CXX_FEATURE:0cxx_extern_templates
    Feature record: CXX_FEATURE:0cxx_final
    Feature record: CXX_FEATURE:0cxx_func_identifier
    Feature record: CXX_FEATURE:0cxx_generalized_initializers
    Feature record: CXX_FEATURE:0cxx_generic_lambdas
    Feature record: CXX_FEATURE:0cxx_inheriting_constructors
    Feature record: CXX_FEATURE:0cxx_inline_namespaces
    Feature record: CXX_FEATURE:0cxx_lambdas
    Feature record: CXX_FEATURE:0cxx_lambda_init_captures
    Feature record: CXX_FEATURE:0cxx_local_type_template_args
    Feature record: CXX_FEATURE:0cxx_long_long_type
    Feature record: CXX_FEATURE:0cxx_noexcept
    Feature record: CXX_FEATURE:0cxx_nonstatic_member_init
    Feature record: CXX_FEATURE:0cxx_nullptr
    Feature record: CXX_FEATURE:0cxx_override
    Feature record: CXX_FEATURE:0cxx_range_for
    Feature record: CXX_FEATURE:0cxx_raw_string_literals
    Feature record: CXX_FEATURE:0cxx_reference_qualified_functions
    Feature record: CXX_FEATURE:0cxx_relaxed_constexpr
    Feature record: CXX_FEATURE:0cxx_return_type_deduction
    Feature record: CXX_FEATURE:0cxx_right_angle_brackets
    Feature record: CXX_FEATURE:0cxx_rvalue_references
    Feature record: CXX_FEATURE:0cxx_sizeof_member
    Feature record: CXX_FEATURE:0cxx_static_assert
    Feature record: CXX_FEATURE:0cxx_strong_enums
    Feature record: CXX_FEATURE:1cxx_template_template_parameters
    Feature record: CXX_FEATURE:0cxx_thread_local
    Feature record: CXX_FEATURE:0cxx_trailing_return_types
    Feature record: CXX_FEATURE:0cxx_unicode_literals
    Feature record: CXX_FEATURE:0cxx_uniform_initialization
    Feature record: CXX_FEATURE:0cxx_unrestricted_unions
    Feature record: CXX_FEATURE:0cxx_user_literals
    Feature record: CXX_FEATURE:0cxx_variable_templates
    Feature record: CXX_FEATURE:0cxx_variadic_macros
    Feature record: CXX_FEATURE:0cxx_variadic_templates
